

2019-09-08 10:59:51  [Portal_Test.MainTests] (main:) # # # # # # # # # # # # # # # # # # # # # # # # # # # 
2019-09-08 10:59:51  [Portal_Test.MainTests] (main:) TEST Has Started
2019-09-08 10:59:51  [Portal_Test.MainTests] (main:) Open Web Application
2019-09-08 11:00:02  [Portal_Test.MainTests] (main:) ----------- 		Add New Group
2019-09-08 11:00:05  [Portal_Test.MainTests] (main:) ----------- 		Adding New Group
2019-09-08 11:00:09  [Portal_Test.MainTests] (main:) ----------- 		Add Empty Group
2019-09-08 11:00:15  [Portal_Test.MainTests] (main:) ----------- 		Add New Asset Type
2019-09-08 11:00:19  [Portal_Test.MainTests] (main:) 	Adding new Asset Type
2019-09-08 11:00:29  [Portal_Test.MainTests] (main:) ----------- 		Add New PDF
2019-09-08 11:00:32  [Portal_Test.MainTests] (main:) 	Adding new PDF Laptop
2019-09-08 11:00:39  [Portal_Test.MainTests] (main:) ----------- 		Add New Asset
2019-09-08 11:00:54  [Portal_Test.MainTests] (main:) ----------- 		Adding new Employee
2019-09-08 11:01:05  [Portal_Test.MainTests] (main:) Already Exists!
2019-09-08 11:01:05  [Portal_Test.MainTests] (main:) ID Number Already exists
2019-09-08 11:01:11  [Portal_Test.MainTests] (main:) New Employee added.
2019-09-08 11:01:16  [Portal_Test.MainTests] (main:) ----------- 	 Check Login Using Email
2019-09-08 11:01:22  [Portal_Test.MainTests] (main:) Login fail using Email
2019-09-08 11:01:22  [Portal_Test.MainTests] (main:) ----------- 	 Check Login Using UserName
2019-09-08 11:01:29  [Portal_Test.MainTests] (main:) ----------- 		Deactivate an Employee
2019-09-08 11:01:54  [Portal_Test.MainTests] (main:) ----------- 		Employee Assets
2019-09-08 11:02:09  [Portal_Test.MainTests] (main:) ----------- 		Employee Rest Password
2019-09-08 11:02:24  [Portal_Test.MainTests] (main:) ----------- 	 Check Search an employee
2019-09-08 11:02:28  [Portal_Test.MainTests] (main:) TEST PASSED
2019-09-08 11:02:28  [Portal_Test.MainTests] (main:) # # # # # # # # # # # # # # # # # # # # # # # # # # # 

2019-09-08 11:16:16  [Portal_Test.MainTests] (main:) # # # # # # # # # # # # # # # # # # # # # # # # # # # 
2019-09-08 11:16:16  [Portal_Test.MainTests] (main:) TEST Has Started
2019-09-08 11:16:16  [Portal_Test.MainTests] (main:) Open Web Application
2019-09-08 11:16:27  [Portal_Test.MainTests] (main:) ----------- 		Add New Group
2019-09-08 11:16:31  [Portal_Test.MainTests] (main:) ----------- 		Adding New Group
2019-09-08 11:16:34  [Portal_Test.MainTests] (main:) ----------- 		Add Empty Group
2019-09-08 11:16:41  [Portal_Test.MainTests] (main:) ----------- 		Add New Asset Type
2019-09-08 11:16:44  [Portal_Test.MainTests] (main:) 	Adding new Asset Type
2019-09-08 11:16:54  [Portal_Test.MainTests] (main:) ----------- 		Add New Asset
2019-09-08 11:16:58  [Portal_Test.MainTests] (main:) 	Asset Filtering
2019-09-08 11:17:01  [Portal_Test.MainTests] (main:) 	Adding Asset.....
2019-09-08 11:17:11  [Portal_Test.MainTests] (main:) ----------- 		Adding new Employee
2019-09-08 11:17:18  [Portal_Test.MainTests] (main:) ----------- 	 Check Login Using Email
2019-09-08 11:17:32  [Portal_Test.MainTests] (main:) Login fail using Email
2019-09-08 11:17:32  [Portal_Test.MainTests] (main:) ----------- 	 Check Login Using UserName
2019-09-08 11:17:39  [Portal_Test.MainTests] (main:) ----------- 		Deactivate an Employee
2019-09-08 11:18:02  [Portal_Test.MainTests] (main:) ----------- 		Employee Assets
2019-09-08 11:18:08  [Portal_Test.MainTests] (main:) ----------- 		Employee Rest Password
2019-09-08 11:18:23  [Portal_Test.MainTests] (main:) Are you sure you want to reset esmael 's password ?
2019-09-08 11:18:26  [Portal_Test.MainTests] (main:) Password reset
2019-09-08 11:18:29  [Portal_Test.MainTests] (main:) ----------- 	 Check Search an employee
2019-09-08 11:18:33  [Portal_Test.MainTests] (main:) TEST PASSED
2019-09-08 11:18:33  [Portal_Test.MainTests] (main:) # # # # # # # # # # # # # # # # # # # # # # # # # # # 

2019-09-08 17:29:31  [Portal_Test.MainTests] (main:) # # # # # # # # # # # # # # # # # # # # # # # # # # # 
2019-09-08 17:29:31  [Portal_Test.MainTests] (main:) TEST Has Started
2019-09-08 17:29:31  [Portal_Test.MainTests] (main:) Open Web Application
2019-09-08 17:29:43  [Portal_Test.MainTests] (main:) ----------- 		Inventory Comparison
2019-09-08 17:29:47  [Portal_Test.MainTests] (main:) Search for inventory
2019-09-08 17:29:50  [Portal_Test.MainTests] (main:) Printing report
2019-09-08 17:30:11  [Portal_Test.MainTests] (main:) TEST PASSED
2019-09-08 17:30:12  [Portal_Test.MainTests] (main:) # # # # # # # # # # # # # # # # # # # # # # # # # # # 

2019-09-08 17:32:14  [Portal_Test.MainTests] (main:) # # # # # # # # # # # # # # # # # # # # # # # # # # # 
2019-09-08 17:32:14  [Portal_Test.MainTests] (main:) TEST Has Started
2019-09-08 17:32:14  [Portal_Test.MainTests] (main:) Open Web Application
2019-09-08 17:32:26  [Portal_Test.MainTests] (main:) ----------- 		Inventory Comparison
2019-09-08 17:32:30  [Portal_Test.MainTests] (main:) Search for inventory
2019-09-08 17:32:33  [Portal_Test.MainTests] (main:) Printing report
2019-09-08 17:34:20  [Portal_Test.MainTests] (main:) TEST PASSED
2019-09-08 17:34:20  [Portal_Test.MainTests] (main:) # # # # # # # # # # # # # # # # # # # # # # # # # # # 

2019-09-08 17:35:44  [Portal_Test.MainTests] (main:) # # # # # # # # # # # # # # # # # # # # # # # # # # # 
2019-09-08 17:35:44  [Portal_Test.MainTests] (main:) TEST Has Started
2019-09-08 17:35:44  [Portal_Test.MainTests] (main:) Open Web Application
2019-09-08 17:35:56  [Portal_Test.MainTests] (main:) ----------- 		Inventory Comparison
2019-09-08 17:35:59  [Portal_Test.MainTests] (main:) Search for inventory
2019-09-08 17:36:03  [Portal_Test.MainTests] (main:) Printing report
2019-09-08 17:36:06  [Portal_Test.MainTests] (main:) TEST PASSED
2019-09-08 17:36:06  [Portal_Test.MainTests] (main:) # # # # # # # # # # # # # # # # # # # # # # # # # # # 

2019-09-08 17:43:42  [Portal_Test.MainTests] (main:) # # # # # # # # # # # # # # # # # # # # # # # # # # # 
2019-09-08 17:43:42  [Portal_Test.MainTests] (main:) TEST Has Started
2019-09-08 17:43:42  [Portal_Test.MainTests] (main:) Open Web Application
2019-09-08 17:43:54  [Portal_Test.MainTests] (main:) ----------- 		Test Email
2019-09-08 17:44:00  [Portal_Test.MainTests] (main:) TEST PASSED
2019-09-08 17:44:00  [Portal_Test.MainTests] (main:) # # # # # # # # # # # # # # # # # # # # # # # # # # # 

2019-09-08 17:44:20  [Portal_Test.MainTests] (main:) # # # # # # # # # # # # # # # # # # # # # # # # # # # 
2019-09-08 17:44:20  [Portal_Test.MainTests] (main:) TEST Has Started
2019-09-08 17:44:20  [Portal_Test.MainTests] (main:) Open Web Application
2019-09-08 17:44:32  [Portal_Test.MainTests] (main:) ----------- 		Test Email
2019-09-08 17:44:38  [Portal_Test.MainTests] (main:) TEST PASSED
2019-09-08 17:44:39  [Portal_Test.MainTests] (main:) # # # # # # # # # # # # # # # # # # # # # # # # # # # 

2019-09-08 17:48:10  [Portal_Test.MainTests] (main:) # # # # # # # # # # # # # # # # # # # # # # # # # # # 
2019-09-08 17:48:10  [Portal_Test.MainTests] (main:) TEST Has Started
2019-09-08 17:48:10  [Portal_Test.MainTests] (main:) Open Web Application
2019-09-08 17:48:21  [Portal_Test.MainTests] (main:) ----------- 		Test Email
2019-09-08 17:48:31  [Portal_Test.MainTests] (main:) ----------- 		Sending Email...
2019-09-08 17:48:31  [Portal_Test.MainTests] (main:) -- Invalid address !!!
2019-09-08 17:48:31  [Portal_Test.MainTests] (main:) Email test passed
2019-09-08 17:48:35  [Portal_Test.MainTests] (main:) TEST PASSED
2019-09-08 17:48:35  [Portal_Test.MainTests] (main:) # # # # # # # # # # # # # # # # # # # # # # # # # # # 

2019-09-09 11:56:38  [Portal_Test.MainTests] (main:) # # # # # # # # # # # # # # # # # # # # # # # # # # # 
2019-09-09 11:56:38  [Portal_Test.MainTests] (main:) TEST Has Started
2019-09-09 11:56:38  [Portal_Test.MainTests] (main:) Open Web Application
2019-09-09 11:56:50  [Portal_Test.MainTests] (main:) ----------- 		Test Email
2019-09-09 11:57:00  [Portal_Test.MainTests] (main:) ----------- 		Sending Email...
2019-09-09 11:57:00  [Portal_Test.MainTests] (main:) -- Mail Sent !!!
2019-09-09 11:57:00  [Portal_Test.MainTests] (main:) Email test passed
2019-09-09 11:57:03  [Portal_Test.MainTests] (main:) TEST PASSED
2019-09-09 11:57:03  [Portal_Test.MainTests] (main:) # # # # # # # # # # # # # # # # # # # # # # # # # # # 

2019-09-09 14:27:39  [Portal_Test.MainTests] (main:) # # # # # # # # # # # # # # # # # # # # # # # # # # # 
2019-09-09 14:27:39  [Portal_Test.MainTests] (main:) TEST Has Started
2019-09-09 14:27:39  [Portal_Test.MainTests] (main:) Open Web Application
2019-09-09 14:27:51  [Portal_Test.MainTests] (main:) ----------- 		Test Email
2019-09-09 14:28:01  [Portal_Test.MainTests] (main:) ----------- 		Sending Email...
2019-09-09 14:28:01  [Portal_Test.MainTests] (main:) -- Invalid address !!!
2019-09-09 14:28:01  [Portal_Test.MainTests] (main:) Email test passed
2019-09-09 14:28:04  [Portal_Test.MainTests] (main:) TEST PASSED
2019-09-09 14:28:05  [Portal_Test.MainTests] (main:) # # # # # # # # # # # # # # # # # # # # # # # # # # # 

2019-09-09 14:28:32  [Portal_Test.MainTests] (main:) # # # # # # # # # # # # # # # # # # # # # # # # # # # 
2019-09-09 14:28:32  [Portal_Test.MainTests] (main:) TEST Has Started
2019-09-09 14:28:32  [Portal_Test.MainTests] (main:) Open Web Application
2019-09-09 14:28:44  [Portal_Test.MainTests] (main:) ----------- 		Test Email
2019-09-09 14:28:55  [Portal_Test.MainTests] (main:) ----------- 		Sending Email...
2019-09-09 14:28:55  [Portal_Test.MainTests] (main:) -- Invalid address !!!
2019-09-09 14:29:10  [Portal_Test.MainTests] (main:) Email test passed
2019-09-09 14:29:14  [Portal_Test.MainTests] (main:) TEST PASSED
2019-09-09 14:29:14  [Portal_Test.MainTests] (main:) # # # # # # # # # # # # # # # # # # # # # # # # # # # 

2019-09-09 17:31:48  [Portal_Test.MainTests] (main:) # # # # # # # # # # # # # # # # # # # # # # # # # # # 
2019-09-09 17:31:48  [Portal_Test.MainTests] (main:) TEST Has Started
2019-09-09 17:31:48  [Portal_Test.MainTests] (main:) Open Web Application
2019-09-09 17:32:03  [Portal_Test.MainTests] (main:) ----------- 		Test Email
2019-09-09 17:32:15  [Portal_Test.MainTests] (main:) ----------- 		Sending Email...
2019-09-09 17:32:15  [Portal_Test.MainTests] (main:) -- Invalid address !!!
2019-09-09 17:32:32  [Portal_Test.MainTests] (main:) Email test passed
2019-09-09 17:32:36  [Portal_Test.MainTests] (main:) TEST PASSED
2019-09-09 17:32:37  [Portal_Test.MainTests] (main:) # # # # # # # # # # # # # # # # # # # # # # # # # # # 

2019-09-10 10:58:15  [Portal_Test.MainTests] (main:) # # # # # # # # # # # # # # # # # # # # # # # # # # # 
2019-09-10 10:58:15  [Portal_Test.MainTests] (main:) TEST Has Started
2019-09-10 10:58:15  [Portal_Test.MainTests] (main:) Open Web Application
2019-09-10 10:58:28  [Portal_Test.MainTests] (main:) ----------- 		Update User Permissions
2019-09-10 10:58:35  [Portal_Test.MainTests] (main:) -- Inside User Permission
2019-09-10 10:58:38  [Portal_Test.MainTests] (main:) TEST PASSED
2019-09-10 10:58:39  [Portal_Test.MainTests] (main:) # # # # # # # # # # # # # # # # # # # # # # # # # # # 

2019-09-10 10:58:45  [Portal_Test.MainTests] (main:) # # # # # # # # # # # # # # # # # # # # # # # # # # # 
2019-09-10 10:58:45  [Portal_Test.MainTests] (main:) TEST Has Started
2019-09-10 10:58:45  [Portal_Test.MainTests] (main:) Open Web Application
2019-09-10 10:58:56  [Portal_Test.MainTests] (main:) ----------- 		Update User Permissions
2019-09-10 10:59:03  [Portal_Test.MainTests] (main:) -- Inside User Permission
2019-09-10 10:59:07  [Portal_Test.MainTests] (main:) TEST PASSED
2019-09-10 10:59:07  [Portal_Test.MainTests] (main:) # # # # # # # # # # # # # # # # # # # # # # # # # # # 

2019-09-10 11:30:05  [Portal_Test.MainTests] (main:) # # # # # # # # # # # # # # # # # # # # # # # # # # # 
2019-09-10 11:30:05  [Portal_Test.MainTests] (main:) TEST Has Started
2019-09-10 11:30:05  [Portal_Test.MainTests] (main:) Open Web Application
2019-09-10 11:30:17  [Portal_Test.MainTests] (main:) ----------- 		Update User Permissions
2019-09-10 11:30:23  [Portal_Test.MainTests] (main:) -- Inside User Permission
2019-09-10 11:30:27  [Portal_Test.MainTests] (main:) TEST PASSED
2019-09-10 11:30:27  [Portal_Test.MainTests] (main:) # # # # # # # # # # # # # # # # # # # # # # # # # # # 

2019-09-10 11:31:07  [Portal_Test.MainTests] (main:) # # # # # # # # # # # # # # # # # # # # # # # # # # # 
2019-09-10 11:31:07  [Portal_Test.MainTests] (main:) TEST Has Started
2019-09-10 11:31:07  [Portal_Test.MainTests] (main:) Open Web Application
2019-09-10 11:31:19  [Portal_Test.MainTests] (main:) ----------- 		Update User Permissions
2019-09-10 11:31:26  [Portal_Test.MainTests] (main:) -- Inside User Permission
2019-09-10 11:31:44  [Portal_Test.MainTests] (main:) TEST PASSED
2019-09-10 11:31:44  [Portal_Test.MainTests] (main:) # # # # # # # # # # # # # # # # # # # # # # # # # # # 

2019-09-10 11:32:06  [Portal_Test.MainTests] (main:) # # # # # # # # # # # # # # # # # # # # # # # # # # # 
2019-09-10 11:32:06  [Portal_Test.MainTests] (main:) TEST Has Started
2019-09-10 11:32:06  [Portal_Test.MainTests] (main:) Open Web Application
2019-09-10 11:32:18  [Portal_Test.MainTests] (main:) ----------- 		Update User Permissions
2019-09-10 11:32:25  [Portal_Test.MainTests] (main:) -- Inside User Permission
2019-09-10 11:32:29  [Portal_Test.MainTests] (main:) TEST PASSED
2019-09-10 11:32:29  [Portal_Test.MainTests] (main:) # # # # # # # # # # # # # # # # # # # # # # # # # # # 

2019-09-10 12:12:37  [Portal_Test.MainTests] (main:) # # # # # # # # # # # # # # # # # # # # # # # # # # # 
2019-09-10 12:12:37  [Portal_Test.MainTests] (main:) TEST Has Started
2019-09-10 12:12:37  [Portal_Test.MainTests] (main:) Open Web Application
2019-09-10 12:12:48  [Portal_Test.MainTests] (main:) ----------- 		Update User Permissions
2019-09-10 12:12:55  [Portal_Test.MainTests] (main:) -- Inside User Permission
2019-09-10 12:13:13  [Portal_Test.MainTests] (main:) TEST PASSED
2019-09-10 12:13:13  [Portal_Test.MainTests] (main:) # # # # # # # # # # # # # # # # # # # # # # # # # # # 

2019-09-10 12:14:48  [Portal_Test.MainTests] (main:) # # # # # # # # # # # # # # # # # # # # # # # # # # # 
2019-09-10 12:14:48  [Portal_Test.MainTests] (main:) TEST Has Started
2019-09-10 12:14:48  [Portal_Test.MainTests] (main:) Open Web Application
2019-09-10 12:14:59  [Portal_Test.MainTests] (main:) ----------- 		Update User Permissions
2019-09-10 12:15:06  [Portal_Test.MainTests] (main:) -- Inside User Permission
2019-09-10 12:15:12  [Portal_Test.MainTests] (main:) TEST PASSED
2019-09-10 12:15:12  [Portal_Test.MainTests] (main:) # # # # # # # # # # # # # # # # # # # # # # # # # # # 

2019-09-10 12:33:58  [Portal_Test.MainTests] (main:) # # # # # # # # # # # # # # # # # # # # # # # # # # # 
2019-09-10 12:33:58  [Portal_Test.MainTests] (main:) TEST Has Started
2019-09-10 12:33:58  [Portal_Test.MainTests] (main:) Open Web Application
2019-09-10 12:34:09  [Portal_Test.MainTests] (main:) ----------- 		Update User Permissions
2019-09-10 12:34:15  [Portal_Test.MainTests] (main:) -- Inside User Permission
2019-09-10 12:34:19  [Portal_Test.MainTests] (main:) TEST PASSED
2019-09-10 12:34:23  [Portal_Test.MainTests] (main:) # # # # # # # # # # # # # # # # # # # # # # # # # # # 

2019-09-10 12:36:54  [Portal_Test.MainTests] (main:) # # # # # # # # # # # # # # # # # # # # # # # # # # # 
2019-09-10 12:36:54  [Portal_Test.MainTests] (main:) TEST Has Started
2019-09-10 12:36:54  [Portal_Test.MainTests] (main:) Open Web Application
2019-09-10 12:37:07  [Portal_Test.MainTests] (main:) ----------- 		Update User Permissions
2019-09-10 12:37:13  [Portal_Test.MainTests] (main:) -- Inside User Permission
2019-09-10 12:37:17  [Portal_Test.MainTests] (main:) TEST PASSED
2019-09-10 12:37:21  [Portal_Test.MainTests] (main:) # # # # # # # # # # # # # # # # # # # # # # # # # # # 

2019-09-10 12:38:58  [Portal_Test.MainTests] (main:) # # # # # # # # # # # # # # # # # # # # # # # # # # # 
2019-09-10 12:38:58  [Portal_Test.MainTests] (main:) TEST Has Started
2019-09-10 12:38:58  [Portal_Test.MainTests] (main:) Open Web Application
2019-09-10 12:39:09  [Portal_Test.MainTests] (main:) ----------- 		Update User Permissions
2019-09-10 12:39:16  [Portal_Test.MainTests] (main:) -- Inside User Permission
2019-09-10 12:39:24  [Portal_Test.MainTests] (main:) TEST PASSED
2019-09-10 12:39:24  [Portal_Test.MainTests] (main:) # # # # # # # # # # # # # # # # # # # # # # # # # # # 

2019-09-10 12:40:35  [Portal_Test.MainTests] (main:) # # # # # # # # # # # # # # # # # # # # # # # # # # # 
2019-09-10 12:40:35  [Portal_Test.MainTests] (main:) TEST Has Started
2019-09-10 12:40:35  [Portal_Test.MainTests] (main:) Open Web Application
2019-09-10 12:40:46  [Portal_Test.MainTests] (main:) ----------- 		Update User Permissions
2019-09-10 12:40:53  [Portal_Test.MainTests] (main:) -- Inside User Permission
2019-09-10 12:40:56  [Portal_Test.MainTests] (main:) TEST PASSED
2019-09-10 12:41:00  [Portal_Test.MainTests] (main:) # # # # # # # # # # # # # # # # # # # # # # # # # # # 

2019-09-10 12:42:53  [Portal_Test.MainTests] (main:) # # # # # # # # # # # # # # # # # # # # # # # # # # # 
2019-09-10 12:42:53  [Portal_Test.MainTests] (main:) TEST Has Started
2019-09-10 12:42:53  [Portal_Test.MainTests] (main:) Open Web Application
2019-09-10 12:43:05  [Portal_Test.MainTests] (main:) ----------- 		Update User Permissions
2019-09-10 12:43:11  [Portal_Test.MainTests] (main:) -- Inside User Permission
2019-09-10 12:43:15  [Portal_Test.MainTests] (main:) TEST PASSED
2019-09-10 12:43:19  [Portal_Test.MainTests] (main:) # # # # # # # # # # # # # # # # # # # # # # # # # # # 

2019-09-10 12:43:28  [Portal_Test.MainTests] (main:) # # # # # # # # # # # # # # # # # # # # # # # # # # # 
2019-09-10 12:43:28  [Portal_Test.MainTests] (main:) TEST Has Started
2019-09-10 12:43:28  [Portal_Test.MainTests] (main:) Open Web Application
2019-09-10 12:43:40  [Portal_Test.MainTests] (main:) ----------- 		Update User Permissions
2019-09-10 12:43:46  [Portal_Test.MainTests] (main:) -- Inside User Permission
2019-09-10 12:46:45  [Portal_Test.MainTests] (main:) TEST PASSED
2019-09-10 12:46:45  [Portal_Test.MainTests] (main:) # # # # # # # # # # # # # # # # # # # # # # # # # # # 

2019-09-10 12:48:09  [Portal_Test.MainTests] (main:) # # # # # # # # # # # # # # # # # # # # # # # # # # # 
2019-09-10 12:48:09  [Portal_Test.MainTests] (main:) TEST Has Started
2019-09-10 12:48:09  [Portal_Test.MainTests] (main:) Open Web Application
2019-09-10 12:48:20  [Portal_Test.MainTests] (main:) ----------- 		Update User Permissions
2019-09-10 12:49:34  [Portal_Test.MainTests] (main:) # # # # # # # # # # # # # # # # # # # # # # # # # # # 
2019-09-10 12:49:34  [Portal_Test.MainTests] (main:) TEST Has Started
2019-09-10 12:49:34  [Portal_Test.MainTests] (main:) Open Web Application
2019-09-10 12:49:46  [Portal_Test.MainTests] (main:) ----------- 		Update User Permissions
2019-09-10 12:49:52  [Portal_Test.MainTests] (main:) -- Inside User Permission
2019-09-10 12:49:56  [Portal_Test.MainTests] (main:) TEST PASSED
2019-09-10 12:49:56  [Portal_Test.MainTests] (main:) # # # # # # # # # # # # # # # # # # # # # # # # # # # 

2019-09-10 12:51:40  [Portal_Test.MainTests] (main:) # # # # # # # # # # # # # # # # # # # # # # # # # # # 
2019-09-10 12:51:40  [Portal_Test.MainTests] (main:) TEST Has Started
2019-09-10 12:51:40  [Portal_Test.MainTests] (main:) Open Web Application
2019-09-10 12:51:51  [Portal_Test.MainTests] (main:) ----------- 		Update User Permissions
2019-09-10 12:51:58  [Portal_Test.MainTests] (main:) -- Inside User Permission
2019-09-10 12:52:07  [Portal_Test.MainTests] (main:) TEST PASSED
2019-09-10 12:52:07  [Portal_Test.MainTests] (main:) # # # # # # # # # # # # # # # # # # # # # # # # # # # 

2019-09-10 12:56:39  [Portal_Test.MainTests] (main:) # # # # # # # # # # # # # # # # # # # # # # # # # # # 
2019-09-10 12:56:39  [Portal_Test.MainTests] (main:) TEST Has Started
2019-09-10 12:56:39  [Portal_Test.MainTests] (main:) Open Web Application
2019-09-10 12:56:51  [Portal_Test.MainTests] (main:) ----------- 		Update User Permissions
2019-09-10 12:56:58  [Portal_Test.MainTests] (main:) -- Inside User Permission
2019-09-10 12:59:15  [Portal_Test.MainTests] (main:) TEST PASSED
2019-09-10 12:59:15  [Portal_Test.MainTests] (main:) # # # # # # # # # # # # # # # # # # # # # # # # # # # 

2019-09-10 13:00:34  [Portal_Test.MainTests] (main:) # # # # # # # # # # # # # # # # # # # # # # # # # # # 
2019-09-10 13:00:34  [Portal_Test.MainTests] (main:) TEST Has Started
2019-09-10 13:00:34  [Portal_Test.MainTests] (main:) Open Web Application
2019-09-10 13:00:46  [Portal_Test.MainTests] (main:) ----------- 		Update User Permissions
2019-09-10 13:00:53  [Portal_Test.MainTests] (main:) -- Inside User Permission
2019-09-10 13:03:10  [Portal_Test.MainTests] (main:) TEST PASSED
2019-09-10 13:03:10  [Portal_Test.MainTests] (main:) # # # # # # # # # # # # # # # # # # # # # # # # # # # 

2019-09-10 13:04:27  [Portal_Test.MainTests] (main:) # # # # # # # # # # # # # # # # # # # # # # # # # # # 
2019-09-10 13:04:27  [Portal_Test.MainTests] (main:) TEST Has Started
2019-09-10 13:04:27  [Portal_Test.MainTests] (main:) Open Web Application
2019-09-10 13:04:39  [Portal_Test.MainTests] (main:) ----------- 		Update User Permissions
2019-09-10 13:04:45  [Portal_Test.MainTests] (main:) -- Inside User Permission
2019-09-10 13:06:37  [Portal_Test.MainTests] (main:) TEST PASSED
2019-09-10 13:06:37  [Portal_Test.MainTests] (main:) # # # # # # # # # # # # # # # # # # # # # # # # # # # 

2019-09-10 13:07:33  [Portal_Test.MainTests] (main:) # # # # # # # # # # # # # # # # # # # # # # # # # # # 
2019-09-10 13:07:33  [Portal_Test.MainTests] (main:) TEST Has Started
2019-09-10 13:07:33  [Portal_Test.MainTests] (main:) Open Web Application
2019-09-10 13:07:44  [Portal_Test.MainTests] (main:) ----------- 		Update User Permissions
2019-09-10 13:07:51  [Portal_Test.MainTests] (main:) -- Inside User Permission
2019-09-10 13:09:53  [Portal_Test.MainTests] (main:) TEST PASSED
2019-09-10 13:09:53  [Portal_Test.MainTests] (main:) # # # # # # # # # # # # # # # # # # # # # # # # # # # 

2019-09-10 14:54:22  [Portal_Test.MainTests] (main:) # # # # # # # # # # # # # # # # # # # # # # # # # # # 
2019-09-10 14:54:22  [Portal_Test.MainTests] (main:) TEST Has Started
2019-09-10 14:54:22  [Portal_Test.MainTests] (main:) Open Web Application
2019-09-10 14:54:34  [Portal_Test.MainTests] (main:) ----------- 		Update User Permissions
2019-09-10 14:54:40  [Portal_Test.MainTests] (main:) -- Deleteing User...
2019-09-10 14:54:41  [Portal_Test.MainTests] (main:) TEST PASSED
2019-09-10 14:54:41  [Portal_Test.MainTests] (main:) # # # # # # # # # # # # # # # # # # # # # # # # # # # 

2019-09-10 14:55:06  [Portal_Test.MainTests] (main:) # # # # # # # # # # # # # # # # # # # # # # # # # # # 
2019-09-10 14:55:06  [Portal_Test.MainTests] (main:) TEST Has Started
2019-09-10 14:55:06  [Portal_Test.MainTests] (main:) Open Web Application
2019-09-10 14:55:17  [Portal_Test.MainTests] (main:) ----------- 		Update User Permissions
2019-09-10 14:55:24  [Portal_Test.MainTests] (main:) -- Deleteing User...
2019-09-10 14:55:24  [Portal_Test.MainTests] (main:) TEST PASSED
2019-09-10 14:55:24  [Portal_Test.MainTests] (main:) # # # # # # # # # # # # # # # # # # # # # # # # # # # 

2019-09-10 14:56:18  [Portal_Test.MainTests] (main:) # # # # # # # # # # # # # # # # # # # # # # # # # # # 
2019-09-10 14:56:18  [Portal_Test.MainTests] (main:) TEST Has Started
2019-09-10 14:56:18  [Portal_Test.MainTests] (main:) Open Web Application
2019-09-10 14:56:29  [Portal_Test.MainTests] (main:) ----------- 		Update User Permissions
2019-09-10 14:56:36  [Portal_Test.MainTests] (main:) -- Deleteing User...
2019-09-10 14:56:36  [Portal_Test.MainTests] (main:) TEST PASSED
2019-09-10 14:56:36  [Portal_Test.MainTests] (main:) # # # # # # # # # # # # # # # # # # # # # # # # # # # 

2019-09-10 14:57:34  [Portal_Test.MainTests] (main:) # # # # # # # # # # # # # # # # # # # # # # # # # # # 
2019-09-10 14:57:34  [Portal_Test.MainTests] (main:) TEST Has Started
2019-09-10 14:57:34  [Portal_Test.MainTests] (main:) Open Web Application
2019-09-10 14:57:46  [Portal_Test.MainTests] (main:) ----------- 		Update User Permissions
2019-09-10 14:57:53  [Portal_Test.MainTests] (main:) -- Deleteing User...
2019-09-10 14:57:53  [Portal_Test.MainTests] (main:) TEST PASSED
2019-09-10 14:57:53  [Portal_Test.MainTests] (main:) # # # # # # # # # # # # # # # # # # # # # # # # # # # 

2019-09-10 14:58:59  [Portal_Test.MainTests] (main:) # # # # # # # # # # # # # # # # # # # # # # # # # # # 
2019-09-10 14:58:59  [Portal_Test.MainTests] (main:) TEST Has Started
2019-09-10 14:58:59  [Portal_Test.MainTests] (main:) Open Web Application
2019-09-10 14:59:11  [Portal_Test.MainTests] (main:) ----------- 		Update User Permissions
2019-09-10 14:59:17  [Portal_Test.MainTests] (main:) -- Deleteing User...
2019-09-10 14:59:32  [Portal_Test.MainTests] (main:) TEST PASSED
2019-09-10 14:59:32  [Portal_Test.MainTests] (main:) # # # # # # # # # # # # # # # # # # # # # # # # # # # 

2019-09-10 14:59:52  [Portal_Test.MainTests] (main:) # # # # # # # # # # # # # # # # # # # # # # # # # # # 
2019-09-10 14:59:52  [Portal_Test.MainTests] (main:) TEST Has Started
2019-09-10 14:59:52  [Portal_Test.MainTests] (main:) Open Web Application
2019-09-10 15:00:05  [Portal_Test.MainTests] (main:) ----------- 		Update User Permissions
2019-09-10 15:00:11  [Portal_Test.MainTests] (main:) -- Deleteing User...
2019-09-10 15:00:26  [Portal_Test.MainTests] (main:) TEST PASSED
2019-09-10 15:00:26  [Portal_Test.MainTests] (main:) # # # # # # # # # # # # # # # # # # # # # # # # # # # 

2019-09-10 15:01:18  [Portal_Test.MainTests] (main:) # # # # # # # # # # # # # # # # # # # # # # # # # # # 
2019-09-10 15:01:18  [Portal_Test.MainTests] (main:) TEST Has Started
2019-09-10 15:01:18  [Portal_Test.MainTests] (main:) Open Web Application
2019-09-10 15:01:30  [Portal_Test.MainTests] (main:) ----------- 		Update User Permissions
2019-09-10 15:01:37  [Portal_Test.MainTests] (main:) -- Deleteing User...
2019-09-10 15:01:39  [Portal_Test.MainTests] (main:) -- User is deleted
2019-09-10 15:01:42  [Portal_Test.MainTests] (main:) TEST PASSED
2019-09-10 15:01:42  [Portal_Test.MainTests] (main:) # # # # # # # # # # # # # # # # # # # # # # # # # # # 

2019-09-10 15:11:08  [Portal_Test.MainTests] (main:) # # # # # # # # # # # # # # # # # # # # # # # # # # # 
2019-09-10 15:11:08  [Portal_Test.MainTests] (main:) TEST Has Started
2019-09-10 15:11:08  [Portal_Test.MainTests] (main:) Open Web Application
2019-09-10 15:11:20  [Portal_Test.MainTests] (main:) ----------- 		Update User Permissions
2019-09-10 15:11:27  [Portal_Test.MainTests] (main:) --------	 Adding New User
2019-09-10 15:11:31  [Portal_Test.MainTests] (main:) TEST PASSED
2019-09-10 15:11:31  [Portal_Test.MainTests] (main:) # # # # # # # # # # # # # # # # # # # # # # # # # # # 

2019-09-10 15:13:01  [Portal_Test.MainTests] (main:) # # # # # # # # # # # # # # # # # # # # # # # # # # # 
2019-09-10 15:13:01  [Portal_Test.MainTests] (main:) TEST Has Started
2019-09-10 15:13:01  [Portal_Test.MainTests] (main:) Open Web Application
2019-09-10 15:13:12  [Portal_Test.MainTests] (main:) ----------- 		Update User Permissions
2019-09-10 15:13:19  [Portal_Test.MainTests] (main:) -- Inside User Permission
2019-09-10 15:15:28  [Portal_Test.MainTests] (main:) TEST PASSED
2019-09-10 15:15:28  [Portal_Test.MainTests] (main:) # # # # # # # # # # # # # # # # # # # # # # # # # # # 

2019-09-10 15:26:32  [Portal_Test.MainTests] (main:) # # # # # # # # # # # # # # # # # # # # # # # # # # # 
2019-09-10 15:26:32  [Portal_Test.MainTests] (main:) TEST Has Started
2019-09-10 15:26:32  [Portal_Test.MainTests] (main:) Open Web Application
2019-09-10 15:26:44  [Portal_Test.MainTests] (main:) ----------- 		Update User Permissions
2019-09-10 15:26:51  [Portal_Test.MainTests] (main:) -- Inside User Permission
2019-09-10 15:27:55  [Portal_Test.MainTests] (main:) # # # # # # # # # # # # # # # # # # # # # # # # # # # 
2019-09-10 15:27:55  [Portal_Test.MainTests] (main:) TEST Has Started
2019-09-10 15:27:55  [Portal_Test.MainTests] (main:) Open Web Application
2019-09-10 15:28:07  [Portal_Test.MainTests] (main:) ----------- 		Update User Permissions
2019-09-10 15:28:13  [Portal_Test.MainTests] (main:) -- Inside User Permission
2019-09-10 15:28:14  [Portal_Test.MainTests] (main:) TEST PASSED
2019-09-10 15:28:14  [Portal_Test.MainTests] (main:) # # # # # # # # # # # # # # # # # # # # # # # # # # # 

2019-09-10 15:29:48  [Portal_Test.MainTests] (main:) # # # # # # # # # # # # # # # # # # # # # # # # # # # 
2019-09-10 15:29:48  [Portal_Test.MainTests] (main:) TEST Has Started
2019-09-10 15:29:48  [Portal_Test.MainTests] (main:) Open Web Application
2019-09-10 15:30:00  [Portal_Test.MainTests] (main:) ----------- 		Update User Permissions
2019-09-10 15:30:07  [Portal_Test.MainTests] (main:) -- Inside User Permission
2019-09-10 15:30:22  [Portal_Test.MainTests] (main:) TEST PASSED
2019-09-10 15:30:22  [Portal_Test.MainTests] (main:) # # # # # # # # # # # # # # # # # # # # # # # # # # # 

2019-09-10 15:30:49  [Portal_Test.MainTests] (main:) # # # # # # # # # # # # # # # # # # # # # # # # # # # 
2019-09-10 15:30:49  [Portal_Test.MainTests] (main:) TEST Has Started
2019-09-10 15:30:49  [Portal_Test.MainTests] (main:) Open Web Application
2019-09-10 15:31:01  [Portal_Test.MainTests] (main:) ----------- 		Update User Permissions
2019-09-10 15:31:08  [Portal_Test.MainTests] (main:) -- Inside User Permission
2019-09-10 15:31:37  [Portal_Test.MainTests] (main:) # # # # # # # # # # # # # # # # # # # # # # # # # # # 
2019-09-10 15:31:37  [Portal_Test.MainTests] (main:) TEST Has Started
2019-09-10 15:31:37  [Portal_Test.MainTests] (main:) Open Web Application
2019-09-10 15:31:49  [Portal_Test.MainTests] (main:) ----------- 		Update User Permissions
2019-09-10 15:31:55  [Portal_Test.MainTests] (main:) TEST PASSED
2019-09-10 15:31:56  [Portal_Test.MainTests] (main:) -- Inside User Permission
2019-09-10 15:32:37  [Portal_Test.MainTests] (main:) -- User Permission Updated...
2019-09-10 15:32:40  [Portal_Test.MainTests] (main:) -- Deleteing User...
2019-09-10 15:32:42  [Portal_Test.MainTests] (main:) -- User is deleted
2019-09-10 15:32:44  [Portal_Test.MainTests] (main:) --------	 Adding New User
2019-09-10 15:32:48  [Portal_Test.MainTests] (main:) -- User added...
2019-09-10 15:32:48  [Portal_Test.MainTests] (main:) TEST PASSED
2019-09-10 15:32:49  [Portal_Test.MainTests] (main:) # # # # # # # # # # # # # # # # # # # # # # # # # # # 

2019-09-10 15:42:09  [Portal_Test.MainTests] (main:) # # # # # # # # # # # # # # # # # # # # # # # # # # # 
2019-09-10 15:42:09  [Portal_Test.MainTests] (main:) TEST Has Started
2019-09-10 15:42:09  [Portal_Test.MainTests] (main:) Open Web Application
2019-09-10 15:42:21  [Portal_Test.MainTests] (main:) ----------- 		Update User Permissions
2019-09-10 15:42:28  [Portal_Test.MainTests] (main:) --------	 Adding New User
2019-09-10 15:42:32  [Portal_Test.MainTests] (main:) ???
2019-09-10 15:42:32  [Portal_Test.MainTests] (main:) -- User already exist!!!
2019-09-10 15:42:35  [Portal_Test.MainTests] (main:) -- User added...
2019-09-10 15:42:36  [Portal_Test.MainTests] (main:) TEST PASSED
2019-09-10 15:42:36  [Portal_Test.MainTests] (main:) # # # # # # # # # # # # # # # # # # # # # # # # # # # 

2019-09-10 15:42:49  [Portal_Test.MainTests] (main:) # # # # # # # # # # # # # # # # # # # # # # # # # # # 
2019-09-10 15:42:49  [Portal_Test.MainTests] (main:) TEST Has Started
2019-09-10 15:42:49  [Portal_Test.MainTests] (main:) Open Web Application
2019-09-10 15:43:01  [Portal_Test.MainTests] (main:) ----------- 		Update User Permissions
2019-09-10 15:43:08  [Portal_Test.MainTests] (main:) --------	 Adding New User
2019-09-10 15:43:28  [Portal_Test.MainTests] (main:) -- User added...
2019-09-10 15:43:28  [Portal_Test.MainTests] (main:) TEST PASSED
2019-09-10 15:43:28  [Portal_Test.MainTests] (main:) # # # # # # # # # # # # # # # # # # # # # # # # # # # 

2019-09-10 15:45:24  [Portal_Test.MainTests] (main:) # # # # # # # # # # # # # # # # # # # # # # # # # # # 
2019-09-10 15:45:24  [Portal_Test.MainTests] (main:) TEST Has Started
2019-09-10 15:45:24  [Portal_Test.MainTests] (main:) Open Web Application
2019-09-10 15:45:36  [Portal_Test.MainTests] (main:) ----------- 		Update User Permissions
2019-09-10 15:45:43  [Portal_Test.MainTests] (main:) --------	 Adding New User
2019-09-10 15:45:47  [Portal_Test.MainTests] (main:) ???
2019-09-10 15:45:47  [Portal_Test.MainTests] (main:) -- User already exist!!!
2019-09-10 15:45:53  [Portal_Test.MainTests] (main:) TEST PASSED
2019-09-10 15:45:53  [Portal_Test.MainTests] (main:) # # # # # # # # # # # # # # # # # # # # # # # # # # # 

2019-09-10 15:48:55  [Portal_Test.MainTests] (main:) # # # # # # # # # # # # # # # # # # # # # # # # # # # 
2019-09-10 15:48:55  [Portal_Test.MainTests] (main:) TEST Has Started
2019-09-10 15:48:55  [Portal_Test.MainTests] (main:) Open Web Application
2019-09-10 15:49:07  [Portal_Test.MainTests] (main:) ----------- 		Update User Permissions
2019-09-10 15:49:14  [Portal_Test.MainTests] (main:) --------	 Adding New User
2019-09-10 15:49:18  [Portal_Test.MainTests] (main:) ???
2019-09-10 15:49:18  [Portal_Test.MainTests] (main:) -- User already exist!!!
2019-09-10 15:49:24  [Portal_Test.MainTests] (main:) TEST PASSED
2019-09-10 15:49:24  [Portal_Test.MainTests] (main:) # # # # # # # # # # # # # # # # # # # # # # # # # # # 

2019-09-10 16:39:03  [Portal_Test.MainTests] (main:) # # # # # # # # # # # # # # # # # # # # # # # # # # # 
2019-09-10 16:39:03  [Portal_Test.MainTests] (main:) TEST Has Started
2019-09-10 16:39:03  [Portal_Test.MainTests] (main:) Open Web Application
2019-09-10 16:39:14  [Portal_Test.MainTests] (main:) ----------- 		Inside Inventory & Stocking
2019-09-10 16:39:19  [Portal_Test.MainTests] (main:) TEST PASSED
2019-09-10 16:39:19  [Portal_Test.MainTests] (main:) # # # # # # # # # # # # # # # # # # # # # # # # # # # 

2019-09-10 16:40:31  [Portal_Test.MainTests] (main:) # # # # # # # # # # # # # # # # # # # # # # # # # # # 
2019-09-10 16:40:31  [Portal_Test.MainTests] (main:) TEST Has Started
2019-09-10 16:40:31  [Portal_Test.MainTests] (main:) Open Web Application
2019-09-10 16:40:43  [Portal_Test.MainTests] (main:) ----------- 		Inside Inventory & Stocking
2019-09-10 16:41:02  [Portal_Test.MainTests] (main:) TEST PASSED
2019-09-10 16:41:02  [Portal_Test.MainTests] (main:) # # # # # # # # # # # # # # # # # # # # # # # # # # # 

2019-09-10 16:42:06  [Portal_Test.MainTests] (main:) # # # # # # # # # # # # # # # # # # # # # # # # # # # 
2019-09-10 16:42:06  [Portal_Test.MainTests] (main:) TEST Has Started
2019-09-10 16:42:06  [Portal_Test.MainTests] (main:) Open Web Application
2019-09-10 16:42:18  [Portal_Test.MainTests] (main:) ----------- 		Inside Inventory & Stocking
2019-09-10 16:42:37  [Portal_Test.MainTests] (main:) TEST PASSED
2019-09-10 16:42:38  [Portal_Test.MainTests] (main:) # # # # # # # # # # # # # # # # # # # # # # # # # # # 

2019-09-10 16:43:35  [Portal_Test.MainTests] (main:) # # # # # # # # # # # # # # # # # # # # # # # # # # # 
2019-09-10 16:43:35  [Portal_Test.MainTests] (main:) TEST Has Started
2019-09-10 16:43:35  [Portal_Test.MainTests] (main:) Open Web Application
2019-09-10 16:43:46  [Portal_Test.MainTests] (main:) ----------- 		Inside Inventory & Stocking
2019-09-10 16:44:06  [Portal_Test.MainTests] (main:) TEST PASSED
2019-09-10 16:44:06  [Portal_Test.MainTests] (main:) # # # # # # # # # # # # # # # # # # # # # # # # # # # 

2019-09-10 16:44:50  [Portal_Test.MainTests] (main:) # # # # # # # # # # # # # # # # # # # # # # # # # # # 
2019-09-10 16:44:50  [Portal_Test.MainTests] (main:) TEST Has Started
2019-09-10 16:44:50  [Portal_Test.MainTests] (main:) Open Web Application
2019-09-10 16:45:01  [Portal_Test.MainTests] (main:) ----------- 		Inside Inventory & Stocking
2019-09-10 16:45:21  [Portal_Test.MainTests] (main:) TEST PASSED
2019-09-10 16:45:21  [Portal_Test.MainTests] (main:) # # # # # # # # # # # # # # # # # # # # # # # # # # # 

2019-09-10 16:45:47  [Portal_Test.MainTests] (main:) # # # # # # # # # # # # # # # # # # # # # # # # # # # 
2019-09-10 16:45:47  [Portal_Test.MainTests] (main:) TEST Has Started
2019-09-10 16:45:47  [Portal_Test.MainTests] (main:) Open Web Application
2019-09-10 16:45:59  [Portal_Test.MainTests] (main:) ----------- 		Inside Inventory & Stocking
2019-09-10 16:46:05  [Portal_Test.MainTests] (main:) TEST PASSED
2019-09-10 16:46:05  [Portal_Test.MainTests] (main:) # # # # # # # # # # # # # # # # # # # # # # # # # # # 

2019-09-10 16:47:56  [Portal_Test.MainTests] (main:) # # # # # # # # # # # # # # # # # # # # # # # # # # # 
2019-09-10 16:47:56  [Portal_Test.MainTests] (main:) TEST Has Started
2019-09-10 16:47:56  [Portal_Test.MainTests] (main:) Open Web Application
2019-09-10 16:48:08  [Portal_Test.MainTests] (main:) ----------- 		Inside Inventory & Stocking
2019-09-10 16:48:13  [Portal_Test.MainTests] (main:) TEST PASSED
2019-09-10 16:48:14  [Portal_Test.MainTests] (main:) # # # # # # # # # # # # # # # # # # # # # # # # # # # 

2019-09-10 16:49:29  [Portal_Test.MainTests] (main:) # # # # # # # # # # # # # # # # # # # # # # # # # # # 
2019-09-10 16:49:29  [Portal_Test.MainTests] (main:) TEST Has Started
2019-09-10 16:49:29  [Portal_Test.MainTests] (main:) Open Web Application
2019-09-10 16:49:40  [Portal_Test.MainTests] (main:) ----------- 		Inside Inventory & Stocking
2019-09-10 16:49:46  [Portal_Test.MainTests] (main:) TEST PASSED
2019-09-10 16:49:46  [Portal_Test.MainTests] (main:) # # # # # # # # # # # # # # # # # # # # # # # # # # # 

2019-09-10 16:52:58  [Portal_Test.MainTests] (main:) # # # # # # # # # # # # # # # # # # # # # # # # # # # 
2019-09-10 16:52:58  [Portal_Test.MainTests] (main:) TEST Has Started
2019-09-10 16:52:58  [Portal_Test.MainTests] (main:) Open Web Application
2019-09-10 16:53:10  [Portal_Test.MainTests] (main:) ----------- 		Inside Inventory & Stocking
2019-09-10 16:53:18  [Portal_Test.MainTests] (main:) TEST PASSED
2019-09-10 16:53:18  [Portal_Test.MainTests] (main:) # # # # # # # # # # # # # # # # # # # # # # # # # # # 

2019-09-10 16:55:39  [Portal_Test.MainTests] (main:) # # # # # # # # # # # # # # # # # # # # # # # # # # # 
2019-09-10 16:55:39  [Portal_Test.MainTests] (main:) TEST Has Started
2019-09-10 16:55:39  [Portal_Test.MainTests] (main:) Open Web Application
2019-09-10 16:55:51  [Portal_Test.MainTests] (main:) ----------- 		Inside Inventory & Stocking
2019-09-10 16:56:03  [Portal_Test.MainTests] (main:) TEST PASSED
2019-09-10 16:56:03  [Portal_Test.MainTests] (main:) # # # # # # # # # # # # # # # # # # # # # # # # # # # 

2019-09-10 16:58:51  [Portal_Test.MainTests] (main:) # # # # # # # # # # # # # # # # # # # # # # # # # # # 
2019-09-10 16:58:51  [Portal_Test.MainTests] (main:) TEST Has Started
2019-09-10 16:58:51  [Portal_Test.MainTests] (main:) Open Web Application
2019-09-10 16:59:03  [Portal_Test.MainTests] (main:) ----------- 		Inside Inventory & Stocking
2019-09-10 16:59:14  [Portal_Test.MainTests] (main:) --  Check who is active
2019-09-10 16:59:14  [Portal_Test.MainTests] (main:) TEST PASSED
2019-09-10 16:59:14  [Portal_Test.MainTests] (main:) # # # # # # # # # # # # # # # # # # # # # # # # # # # 

2019-09-10 17:14:13  [Portal_Test.MainTests] (main:) # # # # # # # # # # # # # # # # # # # # # # # # # # # 
2019-09-10 17:14:13  [Portal_Test.MainTests] (main:) TEST Has Started
2019-09-10 17:14:13  [Portal_Test.MainTests] (main:) Open Web Application
2019-09-10 17:14:25  [Portal_Test.MainTests] (main:) ----------- 		Inside Inventory & Stocking
2019-09-10 17:14:34  [Portal_Test.MainTests] (main:) TEST PASSED
2019-09-10 17:14:34  [Portal_Test.MainTests] (main:) # # # # # # # # # # # # # # # # # # # # # # # # # # # 

2019-09-10 17:15:17  [Portal_Test.MainTests] (main:) # # # # # # # # # # # # # # # # # # # # # # # # # # # 
2019-09-10 17:15:17  [Portal_Test.MainTests] (main:) TEST Has Started
2019-09-10 17:15:17  [Portal_Test.MainTests] (main:) Open Web Application
2019-09-10 17:15:28  [Portal_Test.MainTests] (main:) ----------- 		Inside Inventory & Stocking
2019-09-10 17:15:37  [Portal_Test.MainTests] (main:) TEST PASSED
2019-09-10 17:15:37  [Portal_Test.MainTests] (main:) # # # # # # # # # # # # # # # # # # # # # # # # # # # 

2019-09-10 17:42:35  [Portal_Test.MainTests] (main:) # # # # # # # # # # # # # # # # # # # # # # # # # # # 
2019-09-10 17:42:35  [Portal_Test.MainTests] (main:) TEST Has Started
2019-09-10 17:42:35  [Portal_Test.MainTests] (main:) Open Web Application
2019-09-10 17:42:46  [Portal_Test.MainTests] (main:) ----------- 		Inside Inventory & Stocking
2019-09-10 17:43:00  [Portal_Test.MainTests] (main:) --  Checked who is active
2019-09-10 17:43:01  [Portal_Test.MainTests] (main:) TEST PASSED
2019-09-10 17:43:01  [Portal_Test.MainTests] (main:) # # # # # # # # # # # # # # # # # # # # # # # # # # # 

2019-09-11 10:35:33  [Portal_Test.MainTests] (main:) # # # # # # # # # # # # # # # # # # # # # # # # # # # 
2019-09-11 10:35:33  [Portal_Test.MainTests] (main:) TEST Has Started
2019-09-11 10:35:33  [Portal_Test.MainTests] (main:) Open Web Application
2019-09-11 10:35:45  [Portal_Test.MainTests] (main:) ----------- 		Checklist
2019-09-11 10:35:48  [Portal_Test.MainTests] (main:) --	 Inside Checklist
2019-09-11 10:35:50  [Portal_Test.MainTests] (main:) TEST PASSED
2019-09-11 10:35:50  [Portal_Test.MainTests] (main:) # # # # # # # # # # # # # # # # # # # # # # # # # # # 

2019-09-11 10:40:42  [Portal_Test.MainTests] (main:) # # # # # # # # # # # # # # # # # # # # # # # # # # # 
2019-09-11 10:40:42  [Portal_Test.MainTests] (main:) TEST Has Started
2019-09-11 10:40:42  [Portal_Test.MainTests] (main:) Open Web Application
2019-09-11 10:40:53  [Portal_Test.MainTests] (main:) ----------- 		Checklist
2019-09-11 10:40:55  [Portal_Test.MainTests] (main:) --	 Inside Checklist
2019-09-11 10:40:57  [Portal_Test.MainTests] (main:) --	 adding group to checklist
2019-09-11 10:41:03  [Portal_Test.MainTests] (main:) TEST PASSED
2019-09-11 10:41:03  [Portal_Test.MainTests] (main:) # # # # # # # # # # # # # # # # # # # # # # # # # # # 

2019-09-11 10:41:08  [Portal_Test.MainTests] (main:) # # # # # # # # # # # # # # # # # # # # # # # # # # # 
2019-09-11 10:41:08  [Portal_Test.MainTests] (main:) TEST Has Started
2019-09-11 10:41:08  [Portal_Test.MainTests] (main:) Open Web Application
2019-09-11 10:41:19  [Portal_Test.MainTests] (main:) ----------- 		Checklist
2019-09-11 10:41:21  [Portal_Test.MainTests] (main:) --	 Inside Checklist
2019-09-11 10:41:23  [Portal_Test.MainTests] (main:) --	 adding group to checklist
2019-09-11 10:41:29  [Portal_Test.MainTests] (main:) TEST PASSED
2019-09-11 10:41:33  [Portal_Test.MainTests] (main:) # # # # # # # # # # # # # # # # # # # # # # # # # # # 

2019-09-11 10:44:16  [Portal_Test.MainTests] (main:) # # # # # # # # # # # # # # # # # # # # # # # # # # # 
2019-09-11 10:44:16  [Portal_Test.MainTests] (main:) TEST Has Started
2019-09-11 10:44:16  [Portal_Test.MainTests] (main:) Open Web Application
2019-09-11 10:44:27  [Portal_Test.MainTests] (main:) ----------- 		Checklist
2019-09-11 10:44:30  [Portal_Test.MainTests] (main:) --	 Inside Checklist
2019-09-11 10:44:32  [Portal_Test.MainTests] (main:) --	 adding group to checklist
2019-09-11 10:44:35  [Portal_Test.MainTests] (main:) Group is: Already Exists!
2019-09-11 10:44:39  [Portal_Test.MainTests] (main:) TEST PASSED
2019-09-11 10:44:39  [Portal_Test.MainTests] (main:) # # # # # # # # # # # # # # # # # # # # # # # # # # # 

2019-09-11 10:55:56  [Portal_Test.MainTests] (main:) # # # # # # # # # # # # # # # # # # # # # # # # # # # 
2019-09-11 10:55:56  [Portal_Test.MainTests] (main:) TEST Has Started
2019-09-11 10:55:56  [Portal_Test.MainTests] (main:) Open Web Application
2019-09-11 10:56:07  [Portal_Test.MainTests] (main:) ----------- 		Checklist
2019-09-11 10:56:10  [Portal_Test.MainTests] (main:) --	 Inside Checklist
2019-09-11 10:56:12  [Portal_Test.MainTests] (main:) --	 adding group to checklist
2019-09-11 10:56:15  [Portal_Test.MainTests] (main:) Group is: Already Exists!
2019-09-11 10:56:17  [Portal_Test.MainTests] (main:) --	 Removing a group
2019-09-11 10:56:20  [Portal_Test.MainTests] (main:) --	 Removing a checklist
2019-09-11 10:56:20  [Portal_Test.MainTests] (main:) TEST PASSED
2019-09-11 10:56:21  [Portal_Test.MainTests] (main:) # # # # # # # # # # # # # # # # # # # # # # # # # # # 

2019-09-11 10:56:42  [Portal_Test.MainTests] (main:) # # # # # # # # # # # # # # # # # # # # # # # # # # # 
2019-09-11 10:56:42  [Portal_Test.MainTests] (main:) TEST Has Started
2019-09-11 10:56:42  [Portal_Test.MainTests] (main:) Open Web Application
2019-09-11 10:56:53  [Portal_Test.MainTests] (main:) ----------- 		Checklist
2019-09-11 10:56:56  [Portal_Test.MainTests] (main:) --	 Inside Checklist
2019-09-11 10:56:58  [Portal_Test.MainTests] (main:) --	 adding group to checklist
2019-09-11 10:57:01  [Portal_Test.MainTests] (main:) Group is: Already Exists!
2019-09-11 10:57:03  [Portal_Test.MainTests] (main:) --	 Removing a group
2019-09-11 10:57:06  [Portal_Test.MainTests] (main:) --	 Removing a checklist
2019-09-11 10:57:06  [Portal_Test.MainTests] (main:) TEST PASSED
2019-09-11 10:57:06  [Portal_Test.MainTests] (main:) # # # # # # # # # # # # # # # # # # # # # # # # # # # 

2019-09-11 10:58:16  [Portal_Test.MainTests] (main:) # # # # # # # # # # # # # # # # # # # # # # # # # # # 
2019-09-11 10:58:16  [Portal_Test.MainTests] (main:) TEST Has Started
2019-09-11 10:58:16  [Portal_Test.MainTests] (main:) Open Web Application
2019-09-11 10:58:27  [Portal_Test.MainTests] (main:) ----------- 		Checklist
2019-09-11 10:58:29  [Portal_Test.MainTests] (main:) --	 Inside Checklist
2019-09-11 10:58:31  [Portal_Test.MainTests] (main:) --	 adding group to checklist
2019-09-11 10:58:35  [Portal_Test.MainTests] (main:) Group is: Already Exists!
2019-09-11 10:58:37  [Portal_Test.MainTests] (main:) --	 Removing a group
2019-09-11 10:58:40  [Portal_Test.MainTests] (main:) --	 Removing a checklist
2019-09-11 10:58:43  [Portal_Test.MainTests] (main:) TEST PASSED
2019-09-11 10:58:43  [Portal_Test.MainTests] (main:) # # # # # # # # # # # # # # # # # # # # # # # # # # # 

2019-09-11 10:59:09  [Portal_Test.MainTests] (main:) # # # # # # # # # # # # # # # # # # # # # # # # # # # 
2019-09-11 10:59:09  [Portal_Test.MainTests] (main:) TEST Has Started
2019-09-11 10:59:09  [Portal_Test.MainTests] (main:) Open Web Application
2019-09-11 10:59:21  [Portal_Test.MainTests] (main:) ----------- 		Checklist
2019-09-11 10:59:23  [Portal_Test.MainTests] (main:) --	 Inside Checklist
2019-09-11 10:59:25  [Portal_Test.MainTests] (main:) --	 adding group to checklist
2019-09-11 10:59:28  [Portal_Test.MainTests] (main:) Group is: Already Exists!
2019-09-11 10:59:30  [Portal_Test.MainTests] (main:) --	 Removing a group
2019-09-11 10:59:34  [Portal_Test.MainTests] (main:) --	 Removing a checklist
2019-09-11 10:59:34  [Portal_Test.MainTests] (main:) TEST PASSED
2019-09-11 10:59:34  [Portal_Test.MainTests] (main:) # # # # # # # # # # # # # # # # # # # # # # # # # # # 

2019-09-11 11:02:03  [Portal_Test.MainTests] (main:) # # # # # # # # # # # # # # # # # # # # # # # # # # # 
2019-09-11 11:02:03  [Portal_Test.MainTests] (main:) TEST Has Started
2019-09-11 11:02:03  [Portal_Test.MainTests] (main:) Open Web Application
2019-09-11 11:02:15  [Portal_Test.MainTests] (main:) ----------- 		Checklist
2019-09-11 11:02:17  [Portal_Test.MainTests] (main:) --	 Inside Checklist
2019-09-11 11:02:19  [Portal_Test.MainTests] (main:) --	 adding group to checklist
2019-09-11 11:02:23  [Portal_Test.MainTests] (main:) Group is: Already Exists!
2019-09-11 11:02:25  [Portal_Test.MainTests] (main:) --	 Removing a group
2019-09-11 11:02:28  [Portal_Test.MainTests] (main:) --	 Removing a checklist
2019-09-11 11:02:28  [Portal_Test.MainTests] (main:) TEST PASSED
2019-09-11 11:02:28  [Portal_Test.MainTests] (main:) # # # # # # # # # # # # # # # # # # # # # # # # # # # 

2019-09-11 11:02:53  [Portal_Test.MainTests] (main:) # # # # # # # # # # # # # # # # # # # # # # # # # # # 
2019-09-11 11:02:53  [Portal_Test.MainTests] (main:) TEST Has Started
2019-09-11 11:02:53  [Portal_Test.MainTests] (main:) Open Web Application
2019-09-11 11:03:05  [Portal_Test.MainTests] (main:) ----------- 		Checklist
2019-09-11 11:03:07  [Portal_Test.MainTests] (main:) --	 Inside Checklist
2019-09-11 11:03:10  [Portal_Test.MainTests] (main:) --	 adding group to checklist
2019-09-11 11:03:13  [Portal_Test.MainTests] (main:) Group is: Already Exists!
2019-09-11 11:03:15  [Portal_Test.MainTests] (main:) --	 Removing a group
2019-09-11 11:03:18  [Portal_Test.MainTests] (main:) --	 Removing a checklist
2019-09-11 11:03:18  [Portal_Test.MainTests] (main:) TEST PASSED
2019-09-11 11:03:18  [Portal_Test.MainTests] (main:) # # # # # # # # # # # # # # # # # # # # # # # # # # # 

2019-09-11 11:05:10  [Portal_Test.MainTests] (main:) # # # # # # # # # # # # # # # # # # # # # # # # # # # 
2019-09-11 11:05:10  [Portal_Test.MainTests] (main:) TEST Has Started
2019-09-11 11:05:10  [Portal_Test.MainTests] (main:) Open Web Application
2019-09-11 11:05:21  [Portal_Test.MainTests] (main:) ----------- 		Checklist
2019-09-11 11:05:23  [Portal_Test.MainTests] (main:) --	 Inside Checklist
2019-09-11 11:05:25  [Portal_Test.MainTests] (main:) --	 adding group to checklist
2019-09-11 11:05:29  [Portal_Test.MainTests] (main:) Group is: Already Exists!
2019-09-11 11:05:31  [Portal_Test.MainTests] (main:) --	 Removing a group
2019-09-11 11:05:34  [Portal_Test.MainTests] (main:) --	 Removing a checklist
2019-09-11 11:05:34  [Portal_Test.MainTests] (main:) TEST PASSED
2019-09-11 11:05:34  [Portal_Test.MainTests] (main:) # # # # # # # # # # # # # # # # # # # # # # # # # # # 

2019-09-11 11:06:24  [Portal_Test.MainTests] (main:) # # # # # # # # # # # # # # # # # # # # # # # # # # # 
2019-09-11 11:06:24  [Portal_Test.MainTests] (main:) TEST Has Started
2019-09-11 11:06:24  [Portal_Test.MainTests] (main:) Open Web Application
2019-09-11 11:06:35  [Portal_Test.MainTests] (main:) ----------- 		Checklist
2019-09-11 11:06:38  [Portal_Test.MainTests] (main:) --	 Inside Checklist
2019-09-11 11:06:40  [Portal_Test.MainTests] (main:) --	 adding group to checklist
2019-09-11 11:06:43  [Portal_Test.MainTests] (main:) Group is: Already Exists!
2019-09-11 11:06:45  [Portal_Test.MainTests] (main:) --	 Removing a group
2019-09-11 11:06:48  [Portal_Test.MainTests] (main:) --	 Removing a checklist
2019-09-11 11:06:52  [Portal_Test.MainTests] (main:) TEST PASSED
2019-09-11 11:06:52  [Portal_Test.MainTests] (main:) # # # # # # # # # # # # # # # # # # # # # # # # # # # 

2019-09-11 11:07:13  [Portal_Test.MainTests] (main:) # # # # # # # # # # # # # # # # # # # # # # # # # # # 
2019-09-11 11:07:13  [Portal_Test.MainTests] (main:) TEST Has Started
2019-09-11 11:07:13  [Portal_Test.MainTests] (main:) Open Web Application
2019-09-11 11:07:24  [Portal_Test.MainTests] (main:) ----------- 		Checklist
2019-09-11 11:07:27  [Portal_Test.MainTests] (main:) --	 Inside Checklist
2019-09-11 11:07:29  [Portal_Test.MainTests] (main:) --	 adding group to checklist
2019-09-11 11:07:32  [Portal_Test.MainTests] (main:) Group is: Already Exists!
2019-09-11 11:07:34  [Portal_Test.MainTests] (main:) --	 Removing a group
2019-09-11 11:07:37  [Portal_Test.MainTests] (main:) --	 Removing a checklist
2019-09-11 11:07:37  [Portal_Test.MainTests] (main:) TEST PASSED
2019-09-11 11:07:37  [Portal_Test.MainTests] (main:) # # # # # # # # # # # # # # # # # # # # # # # # # # # 

2019-09-11 11:10:03  [Portal_Test.MainTests] (main:) # # # # # # # # # # # # # # # # # # # # # # # # # # # 
2019-09-11 11:10:03  [Portal_Test.MainTests] (main:) TEST Has Started
2019-09-11 11:10:03  [Portal_Test.MainTests] (main:) Open Web Application
2019-09-11 11:10:14  [Portal_Test.MainTests] (main:) ----------- 		Checklist
2019-09-11 11:10:17  [Portal_Test.MainTests] (main:) --	 Inside Checklist
2019-09-11 11:10:19  [Portal_Test.MainTests] (main:) --	 adding group to checklist
2019-09-11 11:10:23  [Portal_Test.MainTests] (main:) Group is: Already Exists!
2019-09-11 11:10:25  [Portal_Test.MainTests] (main:) --	 Removing a group
2019-09-11 11:10:28  [Portal_Test.MainTests] (main:) --	 Removing a checklist
2019-09-11 11:10:28  [Portal_Test.MainTests] (main:) TEST PASSED
2019-09-11 11:10:28  [Portal_Test.MainTests] (main:) # # # # # # # # # # # # # # # # # # # # # # # # # # # 

2019-09-11 11:10:52  [Portal_Test.MainTests] (main:) # # # # # # # # # # # # # # # # # # # # # # # # # # # 
2019-09-11 11:10:52  [Portal_Test.MainTests] (main:) TEST Has Started
2019-09-11 11:10:52  [Portal_Test.MainTests] (main:) Open Web Application
2019-09-11 11:11:04  [Portal_Test.MainTests] (main:) ----------- 		Checklist
2019-09-11 11:11:06  [Portal_Test.MainTests] (main:) --	 Inside Checklist
2019-09-11 11:11:09  [Portal_Test.MainTests] (main:) --	 adding group to checklist
2019-09-11 11:11:12  [Portal_Test.MainTests] (main:) Group is: Already Exists!
2019-09-11 11:11:14  [Portal_Test.MainTests] (main:) --	 Removing a group
2019-09-11 11:11:17  [Portal_Test.MainTests] (main:) --	 Removing a checklist
2019-09-11 11:11:17  [Portal_Test.MainTests] (main:) TEST PASSED
2019-09-11 11:11:17  [Portal_Test.MainTests] (main:) # # # # # # # # # # # # # # # # # # # # # # # # # # # 

2019-09-11 11:12:54  [Portal_Test.MainTests] (main:) # # # # # # # # # # # # # # # # # # # # # # # # # # # 
2019-09-11 11:12:54  [Portal_Test.MainTests] (main:) TEST Has Started
2019-09-11 11:12:54  [Portal_Test.MainTests] (main:) Open Web Application
2019-09-11 11:13:05  [Portal_Test.MainTests] (main:) ----------- 		Checklist
2019-09-11 11:13:08  [Portal_Test.MainTests] (main:) --	 Inside Checklist
2019-09-11 11:13:10  [Portal_Test.MainTests] (main:) --	 adding group to checklist
2019-09-11 11:13:13  [Portal_Test.MainTests] (main:) Group is: Already Exists!
2019-09-11 11:13:15  [Portal_Test.MainTests] (main:) --	 Removing a group
2019-09-11 11:13:18  [Portal_Test.MainTests] (main:) --	 Removing a checklist
2019-09-11 11:13:19  [Portal_Test.MainTests] (main:) TEST PASSED
2019-09-11 11:13:19  [Portal_Test.MainTests] (main:) # # # # # # # # # # # # # # # # # # # # # # # # # # # 

2019-09-11 11:14:16  [Portal_Test.MainTests] (main:) # # # # # # # # # # # # # # # # # # # # # # # # # # # 
2019-09-11 11:14:16  [Portal_Test.MainTests] (main:) TEST Has Started
2019-09-11 11:14:16  [Portal_Test.MainTests] (main:) Open Web Application
2019-09-11 11:14:27  [Portal_Test.MainTests] (main:) ----------- 		Checklist
2019-09-11 11:14:29  [Portal_Test.MainTests] (main:) --	 Inside Checklist
2019-09-11 11:14:31  [Portal_Test.MainTests] (main:) --	 adding group to checklist
2019-09-11 11:14:35  [Portal_Test.MainTests] (main:) Group is: Already Exists!
2019-09-11 11:14:37  [Portal_Test.MainTests] (main:) --	 Removing a group
2019-09-11 11:14:40  [Portal_Test.MainTests] (main:) --	 Removing a checklist
2019-09-11 11:14:40  [Portal_Test.MainTests] (main:) TEST PASSED
2019-09-11 11:14:40  [Portal_Test.MainTests] (main:) # # # # # # # # # # # # # # # # # # # # # # # # # # # 

2019-09-11 11:16:28  [Portal_Test.MainTests] (main:) # # # # # # # # # # # # # # # # # # # # # # # # # # # 
2019-09-11 11:16:28  [Portal_Test.MainTests] (main:) TEST Has Started
2019-09-11 11:16:28  [Portal_Test.MainTests] (main:) Open Web Application
2019-09-11 11:16:39  [Portal_Test.MainTests] (main:) ----------- 		Checklist
2019-09-11 11:16:42  [Portal_Test.MainTests] (main:) --	 Inside Checklist
2019-09-11 11:16:44  [Portal_Test.MainTests] (main:) --	 adding group to checklist
2019-09-11 11:16:47  [Portal_Test.MainTests] (main:) Group is: Already Exists!
2019-09-11 11:16:49  [Portal_Test.MainTests] (main:) --	 Removing a group
2019-09-11 11:16:54  [Portal_Test.MainTests] (main:) --	 Removing a checklist
2019-09-11 11:16:54  [Portal_Test.MainTests] (main:) TEST PASSED
2019-09-11 11:16:54  [Portal_Test.MainTests] (main:) # # # # # # # # # # # # # # # # # # # # # # # # # # # 

2019-09-11 11:17:38  [Portal_Test.MainTests] (main:) # # # # # # # # # # # # # # # # # # # # # # # # # # # 
2019-09-11 11:17:38  [Portal_Test.MainTests] (main:) TEST Has Started
2019-09-11 11:17:38  [Portal_Test.MainTests] (main:) Open Web Application
2019-09-11 11:17:50  [Portal_Test.MainTests] (main:) ----------- 		Checklist
2019-09-11 11:17:52  [Portal_Test.MainTests] (main:) --	 Inside Checklist
2019-09-11 11:17:54  [Portal_Test.MainTests] (main:) --	 adding group to checklist
2019-09-11 11:17:58  [Portal_Test.MainTests] (main:) Group is: Already Exists!
2019-09-11 11:18:00  [Portal_Test.MainTests] (main:) --	 Removing a group
2019-09-11 11:18:05  [Portal_Test.MainTests] (main:) --	 Removing a checklist
2019-09-11 11:18:08  [Portal_Test.MainTests] (main:) TEST PASSED
2019-09-11 11:18:08  [Portal_Test.MainTests] (main:) # # # # # # # # # # # # # # # # # # # # # # # # # # # 

2019-09-11 11:18:13  [Portal_Test.MainTests] (main:) # # # # # # # # # # # # # # # # # # # # # # # # # # # 
2019-09-11 11:18:13  [Portal_Test.MainTests] (main:) TEST Has Started
2019-09-11 11:18:13  [Portal_Test.MainTests] (main:) Open Web Application
2019-09-11 11:18:24  [Portal_Test.MainTests] (main:) ----------- 		Checklist
2019-09-11 11:18:38  [Portal_Test.MainTests] (main:) --	 Inside Checklist
2019-09-11 11:18:40  [Portal_Test.MainTests] (main:) --	 adding group to checklist
2019-09-11 11:18:43  [Portal_Test.MainTests] (main:) Group is: Already Exists!
2019-09-11 11:18:45  [Portal_Test.MainTests] (main:) --	 Removing a group
2019-09-11 11:18:51  [Portal_Test.MainTests] (main:) --	 Removing a checklist
2019-09-11 11:18:54  [Portal_Test.MainTests] (main:) TEST PASSED
2019-09-11 11:18:54  [Portal_Test.MainTests] (main:) # # # # # # # # # # # # # # # # # # # # # # # # # # # 

2019-09-11 12:23:39  [Portal_Test.MainTests] (main:) # # # # # # # # # # # # # # # # # # # # # # # # # # # 
2019-09-11 12:23:39  [Portal_Test.MainTests] (main:) TEST Has Started
2019-09-11 12:23:39  [Portal_Test.MainTests] (main:) Open Web Application
2019-09-11 12:23:51  [Portal_Test.MainTests] (main:) ----------- 	 Check Login Using Email
2019-09-11 12:23:55  [Portal_Test.MainTests] (main:) Login fail using Email
2019-09-11 12:23:55  [Portal_Test.MainTests] (main:) ----------- 	 Check Login Using UserName
2019-09-11 12:24:14  [Portal_Test.MainTests] (main:) TEST PASSED
2019-09-11 12:24:14  [Portal_Test.MainTests] (main:) # # # # # # # # # # # # # # # # # # # # # # # # # # # 

2019-09-11 12:24:51  [Portal_Test.MainTests] (main:) # # # # # # # # # # # # # # # # # # # # # # # # # # # 
2019-09-11 12:24:51  [Portal_Test.MainTests] (main:) TEST Has Started
2019-09-11 12:24:51  [Portal_Test.MainTests] (main:) Open Web Application
2019-09-11 12:25:02  [Portal_Test.MainTests] (main:) ----------- 	 Check Login Using Email
2019-09-11 12:25:06  [Portal_Test.MainTests] (main:) Login fail using Email
2019-09-11 12:25:06  [Portal_Test.MainTests] (main:) ----------- 	 Check Login Using UserName
2019-09-11 12:25:14  [Portal_Test.MainTests] (main:) TEST PASSED
2019-09-11 12:25:14  [Portal_Test.MainTests] (main:) # # # # # # # # # # # # # # # # # # # # # # # # # # # 

2019-09-11 12:26:35  [Portal_Test.MainTests] (main:) # # # # # # # # # # # # # # # # # # # # # # # # # # # 
2019-09-11 12:26:35  [Portal_Test.MainTests] (main:) TEST Has Started
2019-09-11 12:26:35  [Portal_Test.MainTests] (main:) Open Web Application
2019-09-11 12:26:47  [Portal_Test.MainTests] (main:) ----------- 	 Check Login Using Email
2019-09-11 12:26:51  [Portal_Test.MainTests] (main:) Login fail using Email
2019-09-11 12:26:51  [Portal_Test.MainTests] (main:) ----------- 	 Check Login Using UserName
2019-09-11 12:26:58  [Portal_Test.MainTests] (main:) ----------- 	 Check Search an employee
2019-09-11 12:27:05  [Portal_Test.MainTests] (main:) TEST PASSED
2019-09-11 12:27:05  [Portal_Test.MainTests] (main:) # # # # # # # # # # # # # # # # # # # # # # # # # # # 

2019-09-11 12:27:13  [Portal_Test.MainTests] (main:) # # # # # # # # # # # # # # # # # # # # # # # # # # # 
2019-09-11 12:27:13  [Portal_Test.MainTests] (main:) TEST Has Started
2019-09-11 12:27:13  [Portal_Test.MainTests] (main:) Open Web Application
2019-09-11 12:27:25  [Portal_Test.MainTests] (main:) ----------- 	 Check Login Using Email
2019-09-11 12:27:28  [Portal_Test.MainTests] (main:) Login fail using Email
2019-09-11 12:27:29  [Portal_Test.MainTests] (main:) ----------- 	 Check Login Using UserName
2019-09-11 12:27:36  [Portal_Test.MainTests] (main:) ----------- 	 Check Search an employee
2019-09-11 12:27:43  [Portal_Test.MainTests] (main:) TEST PASSED
2019-09-11 12:27:43  [Portal_Test.MainTests] (main:) # # # # # # # # # # # # # # # # # # # # # # # # # # # 

2019-09-11 12:28:33  [Portal_Test.MainTests] (main:) # # # # # # # # # # # # # # # # # # # # # # # # # # # 
2019-09-11 12:28:33  [Portal_Test.MainTests] (main:) TEST Has Started
2019-09-11 12:28:33  [Portal_Test.MainTests] (main:) Open Web Application
2019-09-11 12:28:45  [Portal_Test.MainTests] (main:) ----------- 	 Check Search an employee
2019-09-11 12:28:53  [Portal_Test.MainTests] (main:) ----------- 	 Check Login Using Email
2019-09-11 12:28:56  [Portal_Test.MainTests] (main:) Login fail using Email
2019-09-11 12:28:56  [Portal_Test.MainTests] (main:) ----------- 	 Check Login Using UserName
2019-09-11 12:29:04  [Portal_Test.MainTests] (main:) TEST PASSED
2019-09-11 12:29:04  [Portal_Test.MainTests] (main:) # # # # # # # # # # # # # # # # # # # # # # # # # # # 

2019-09-11 12:29:59  [Portal_Test.MainTests] (main:) # # # # # # # # # # # # # # # # # # # # # # # # # # # 
2019-09-11 12:29:59  [Portal_Test.MainTests] (main:) TEST Has Started
2019-09-11 12:29:59  [Portal_Test.MainTests] (main:) Open Web Application
2019-09-11 12:30:11  [Portal_Test.MainTests] (main:) ----------- 		Adding new Employee
2019-09-11 12:30:20  [Portal_Test.MainTests] (main:) TEST PASSED
2019-09-11 12:30:20  [Portal_Test.MainTests] (main:) # # # # # # # # # # # # # # # # # # # # # # # # # # # 

2019-09-11 12:30:33  [Portal_Test.MainTests] (main:) # # # # # # # # # # # # # # # # # # # # # # # # # # # 
2019-09-11 12:30:33  [Portal_Test.MainTests] (main:) TEST Has Started
2019-09-11 12:30:33  [Portal_Test.MainTests] (main:) Open Web Application
2019-09-11 12:30:45  [Portal_Test.MainTests] (main:) ----------- 		Adding new Employee
2019-09-11 12:30:53  [Portal_Test.MainTests] (main:) Already Exists!
2019-09-11 12:30:53  [Portal_Test.MainTests] (main:) ID Number Already exists
2019-09-11 12:31:01  [Portal_Test.MainTests] (main:) New Employee added.
2019-09-11 12:31:07  [Portal_Test.MainTests] (main:) TEST PASSED
2019-09-11 12:31:07  [Portal_Test.MainTests] (main:) # # # # # # # # # # # # # # # # # # # # # # # # # # # 

2019-09-11 12:32:36  [Portal_Test.MainTests] (main:) # # # # # # # # # # # # # # # # # # # # # # # # # # # 
2019-09-11 12:32:36  [Portal_Test.MainTests] (main:) TEST Has Started
2019-09-11 12:32:36  [Portal_Test.MainTests] (main:) Open Web Application
2019-09-11 12:32:48  [Portal_Test.MainTests] (main:) ----------- 		Deactivate an Employee
2019-09-11 12:33:12  [Portal_Test.MainTests] (main:) TEST PASSED
2019-09-11 12:33:12  [Portal_Test.MainTests] (main:) # # # # # # # # # # # # # # # # # # # # # # # # # # # 

2019-09-11 12:33:28  [Portal_Test.MainTests] (main:) # # # # # # # # # # # # # # # # # # # # # # # # # # # 
2019-09-11 12:33:28  [Portal_Test.MainTests] (main:) TEST Has Started
2019-09-11 12:33:28  [Portal_Test.MainTests] (main:) Open Web Application
2019-09-11 12:33:40  [Portal_Test.MainTests] (main:) ----------- 		Deactivate an Employee
2019-09-11 12:34:03  [Portal_Test.MainTests] (main:) TEST PASSED
2019-09-11 12:34:07  [Portal_Test.MainTests] (main:) # # # # # # # # # # # # # # # # # # # # # # # # # # # 

2019-09-11 12:36:32  [Portal_Test.MainTests] (main:) # # # # # # # # # # # # # # # # # # # # # # # # # # # 
2019-09-11 12:36:32  [Portal_Test.MainTests] (main:) TEST Has Started
2019-09-11 12:36:32  [Portal_Test.MainTests] (main:) Open Web Application
2019-09-11 12:36:43  [Portal_Test.MainTests] (main:) ----------- 		Deactivate an Employee
2019-09-11 12:37:08  [Portal_Test.MainTests] (main:) TEST PASSED
2019-09-11 12:37:13  [Portal_Test.MainTests] (main:) # # # # # # # # # # # # # # # # # # # # # # # # # # # 

2019-09-11 12:38:03  [Portal_Test.MainTests] (main:) # # # # # # # # # # # # # # # # # # # # # # # # # # # 
2019-09-11 12:38:03  [Portal_Test.MainTests] (main:) TEST Has Started
2019-09-11 12:38:03  [Portal_Test.MainTests] (main:) Open Web Application
2019-09-11 12:38:15  [Portal_Test.MainTests] (main:) ----------- 		Deactivate an Employee
2019-09-11 12:38:39  [Portal_Test.MainTests] (main:) TEST PASSED
2019-09-11 12:38:39  [Portal_Test.MainTests] (main:) # # # # # # # # # # # # # # # # # # # # # # # # # # # 

2019-09-11 12:39:24  [Portal_Test.MainTests] (main:) # # # # # # # # # # # # # # # # # # # # # # # # # # # 
2019-09-11 12:39:24  [Portal_Test.MainTests] (main:) TEST Has Started
2019-09-11 12:39:24  [Portal_Test.MainTests] (main:) Open Web Application
2019-09-11 12:39:37  [Portal_Test.MainTests] (main:) ----------- 		Employee Assets
2019-09-11 12:39:53  [Portal_Test.MainTests] (main:) TEST PASSED
2019-09-11 12:39:53  [Portal_Test.MainTests] (main:) # # # # # # # # # # # # # # # # # # # # # # # # # # # 

2019-09-11 12:40:14  [Portal_Test.MainTests] (main:) # # # # # # # # # # # # # # # # # # # # # # # # # # # 
2019-09-11 12:40:14  [Portal_Test.MainTests] (main:) TEST Has Started
2019-09-11 12:40:14  [Portal_Test.MainTests] (main:) Open Web Application
2019-09-11 12:40:25  [Portal_Test.MainTests] (main:) ----------- 		Employee Rest Password
2019-09-11 12:40:33  [Portal_Test.MainTests] (main:) Are you sure you want to reset esmael 's password ?
2019-09-11 12:40:36  [Portal_Test.MainTests] (main:) Password reset
2019-09-11 12:40:39  [Portal_Test.MainTests] (main:) TEST PASSED
2019-09-11 12:40:39  [Portal_Test.MainTests] (main:) # # # # # # # # # # # # # # # # # # # # # # # # # # # 

2019-09-11 12:41:21  [Portal_Test.MainTests] (main:) # # # # # # # # # # # # # # # # # # # # # # # # # # # 
2019-09-11 12:41:21  [Portal_Test.MainTests] (main:) TEST Has Started
2019-09-11 12:41:21  [Portal_Test.MainTests] (main:) Open Web Application
2019-09-11 12:41:33  [Portal_Test.MainTests] (main:) ----------- 		Add New Asset
2019-09-11 12:41:37  [Portal_Test.MainTests] (main:) 	Asset Filtering
2019-09-11 12:41:40  [Portal_Test.MainTests] (main:) 	Adding Asset.....
2019-09-11 12:41:51  [Portal_Test.MainTests] (main:) TEST PASSED
2019-09-11 12:41:51  [Portal_Test.MainTests] (main:) # # # # # # # # # # # # # # # # # # # # # # # # # # # 

2019-09-11 12:42:13  [Portal_Test.MainTests] (main:) # # # # # # # # # # # # # # # # # # # # # # # # # # # 
2019-09-11 12:42:13  [Portal_Test.MainTests] (main:) TEST Has Started
2019-09-11 12:42:13  [Portal_Test.MainTests] (main:) Open Web Application
2019-09-11 12:42:24  [Portal_Test.MainTests] (main:) TEST PASSED
2019-09-11 12:42:24  [Portal_Test.MainTests] (main:) # # # # # # # # # # # # # # # # # # # # # # # # # # # 

2019-09-11 12:42:33  [Portal_Test.MainTests] (main:) # # # # # # # # # # # # # # # # # # # # # # # # # # # 
2019-09-11 12:42:33  [Portal_Test.MainTests] (main:) TEST Has Started
2019-09-11 12:42:33  [Portal_Test.MainTests] (main:) Open Web Application
2019-09-11 12:42:45  [Portal_Test.MainTests] (main:) ----------- 		Add New PDF
2019-09-11 12:42:49  [Portal_Test.MainTests] (main:) 	Adding new PDF Laptop
2019-09-11 12:42:57  [Portal_Test.MainTests] (main:) TEST PASSED
2019-09-11 12:42:57  [Portal_Test.MainTests] (main:) # # # # # # # # # # # # # # # # # # # # # # # # # # # 

2019-09-11 12:44:05  [Portal_Test.MainTests] (main:) # # # # # # # # # # # # # # # # # # # # # # # # # # # 
2019-09-11 12:44:05  [Portal_Test.MainTests] (main:) TEST Has Started
2019-09-11 12:44:05  [Portal_Test.MainTests] (main:) Open Web Application
2019-09-11 12:44:17  [Portal_Test.MainTests] (main:) ----------- 		Add New PDF
2019-09-11 12:44:21  [Portal_Test.MainTests] (main:) 	Adding new PDF Laptop
2019-09-11 12:44:36  [Portal_Test.MainTests] (main:) TEST PASSED
2019-09-11 12:44:36  [Portal_Test.MainTests] (main:) # # # # # # # # # # # # # # # # # # # # # # # # # # # 

2019-09-11 12:45:30  [Portal_Test.MainTests] (main:) # # # # # # # # # # # # # # # # # # # # # # # # # # # 
2019-09-11 12:45:30  [Portal_Test.MainTests] (main:) TEST Has Started
2019-09-11 12:45:30  [Portal_Test.MainTests] (main:) Open Web Application
2019-09-11 12:45:43  [Portal_Test.MainTests] (main:) ----------- 		Add New Asset Type
2019-09-11 12:45:47  [Portal_Test.MainTests] (main:) 	Adding new Asset Type
2019-09-11 12:45:57  [Portal_Test.MainTests] (main:) TEST PASSED
2019-09-11 12:45:57  [Portal_Test.MainTests] (main:) # # # # # # # # # # # # # # # # # # # # # # # # # # # 

2019-09-11 12:46:18  [Portal_Test.MainTests] (main:) # # # # # # # # # # # # # # # # # # # # # # # # # # # 
2019-09-11 12:46:18  [Portal_Test.MainTests] (main:) TEST Has Started
2019-09-11 12:46:18  [Portal_Test.MainTests] (main:) Open Web Application
2019-09-11 12:46:30  [Portal_Test.MainTests] (main:) ----------- 		Add New Group
2019-09-11 12:46:34  [Portal_Test.MainTests] (main:) ----------- 		Adding New Group
2019-09-11 12:46:38  [Portal_Test.MainTests] (main:) ----------- 		Add Empty Group
2019-09-11 12:46:53  [Portal_Test.MainTests] (main:) TEST PASSED
2019-09-11 12:46:53  [Portal_Test.MainTests] (main:) # # # # # # # # # # # # # # # # # # # # # # # # # # # 

2019-09-11 12:47:46  [Portal_Test.MainTests] (main:) # # # # # # # # # # # # # # # # # # # # # # # # # # # 
2019-09-11 12:47:46  [Portal_Test.MainTests] (main:) TEST Has Started
2019-09-11 12:47:46  [Portal_Test.MainTests] (main:) Open Web Application
2019-09-11 12:47:58  [Portal_Test.MainTests] (main:) ----------- 		Add New Group
2019-09-11 12:48:02  [Portal_Test.MainTests] (main:) ----------- 		Adding New Group
2019-09-11 12:48:05  [Portal_Test.MainTests] (main:) ----------- 		Add Empty Group
2019-09-11 12:48:12  [Portal_Test.MainTests] (main:) TEST PASSED
2019-09-11 12:48:12  [Portal_Test.MainTests] (main:) # # # # # # # # # # # # # # # # # # # # # # # # # # # 

2019-09-11 12:48:44  [Portal_Test.MainTests] (main:) # # # # # # # # # # # # # # # # # # # # # # # # # # # 
2019-09-11 12:48:44  [Portal_Test.MainTests] (main:) TEST Has Started
2019-09-11 12:48:44  [Portal_Test.MainTests] (main:) Open Web Application
2019-09-11 12:48:56  [Portal_Test.MainTests] (main:) ----------- 		Inventory Comparison
2019-09-11 12:49:00  [Portal_Test.MainTests] (main:) Search for inventory
2019-09-11 12:49:03  [Portal_Test.MainTests] (main:) Printing report
2019-09-11 12:49:07  [Portal_Test.MainTests] (main:) TEST PASSED
2019-09-11 12:49:07  [Portal_Test.MainTests] (main:) # # # # # # # # # # # # # # # # # # # # # # # # # # # 

2019-09-11 12:49:27  [Portal_Test.MainTests] (main:) # # # # # # # # # # # # # # # # # # # # # # # # # # # 
2019-09-11 12:49:27  [Portal_Test.MainTests] (main:) TEST Has Started
2019-09-11 12:49:27  [Portal_Test.MainTests] (main:) Open Web Application
2019-09-11 12:49:39  [Portal_Test.MainTests] (main:) ----------- 		Test Email
2019-09-11 12:49:49  [Portal_Test.MainTests] (main:) ----------- 		Sending Email...
2019-09-11 12:49:49  [Portal_Test.MainTests] (main:) -- Invalid address !!!
2019-09-11 12:50:05  [Portal_Test.MainTests] (main:) Email test passed
2019-09-11 12:50:08  [Portal_Test.MainTests] (main:) TEST PASSED
2019-09-11 12:50:08  [Portal_Test.MainTests] (main:) # # # # # # # # # # # # # # # # # # # # # # # # # # # 

2019-09-11 12:52:40  [Portal_Test.MainTests] (main:) # # # # # # # # # # # # # # # # # # # # # # # # # # # 
2019-09-11 12:52:40  [Portal_Test.MainTests] (main:) TEST Has Started
2019-09-11 12:52:40  [Portal_Test.MainTests] (main:) Open Web Application
2019-09-11 12:52:52  [Portal_Test.MainTests] (main:) ----------- 		Add New Group
2019-09-11 12:52:56  [Portal_Test.MainTests] (main:) ----------- 		Adding New Group
2019-09-11 12:53:00  [Portal_Test.MainTests] (main:) ----------- 		Add Empty Group
2019-09-11 12:53:07  [Portal_Test.MainTests] (main:) ----------- 		Add New Asset Type
2019-09-11 12:53:11  [Portal_Test.MainTests] (main:) 	Adding new Asset Type
2019-09-11 12:53:21  [Portal_Test.MainTests] (main:) ----------- 		Add New PDF
2019-09-11 12:53:25  [Portal_Test.MainTests] (main:) 	Adding new PDF Laptop
2019-09-11 12:53:39  [Portal_Test.MainTests] (main:) --	 Skipping Add new PDF error in server
2019-09-11 12:53:39  [Portal_Test.MainTests] (main:) ----------- 		Add New Asset
2019-09-11 12:53:43  [Portal_Test.MainTests] (main:) 	Asset Filtering
2019-09-11 12:53:46  [Portal_Test.MainTests] (main:) 	Adding Asset.....
2019-09-11 12:53:58  [Portal_Test.MainTests] (main:) ----------- 		Update User Permissions
2019-09-11 12:54:04  [Portal_Test.MainTests] (main:) -- Inside User Permission
2019-09-11 12:54:05  [Portal_Test.MainTests] (main:) ----------- 		Checklist
2019-09-11 12:54:12  [Portal_Test.MainTests] (main:) --	 Inside Checklist
2019-09-11 12:54:14  [Portal_Test.MainTests] (main:) --	 adding group to checklist
2019-09-11 12:54:18  [Portal_Test.MainTests] (main:) Group is: Already Exists!
2019-09-11 12:54:20  [Portal_Test.MainTests] (main:) --	 Removing a group
2019-09-11 12:54:25  [Portal_Test.MainTests] (main:) --	 Removing a checklist
2019-09-11 12:54:28  [Portal_Test.MainTests] (main:) ----------- 		Inventory Comparison
2019-09-11 12:54:32  [Portal_Test.MainTests] (main:) Search for inventory
2019-09-11 12:54:36  [Portal_Test.MainTests] (main:) Printing report
2019-09-11 12:54:39  [Portal_Test.MainTests] (main:) ----------- 		Inside Inventory & Stocking
2019-09-11 12:54:54  [Portal_Test.MainTests] (main:) --  Checked who is active
2019-09-11 12:54:54  [Portal_Test.MainTests] (main:) ----------- 		Test Email
2019-09-11 12:55:07  [Portal_Test.MainTests] (main:) ----------- 		Sending Email...
2019-09-11 12:55:07  [Portal_Test.MainTests] (main:) -- Invalid address !!!
2019-09-11 12:55:17  [Portal_Test.MainTests] (main:) Email test passed
2019-09-11 12:55:20  [Portal_Test.MainTests] (main:) ----------- 		Deactivate an Employee
2019-09-11 12:55:22  [Portal_Test.MainTests] (main:) ----------- 		Employee Assets
2019-09-11 12:55:31  [Portal_Test.MainTests] (main:) ----------- 		Employee Rest Password
2019-09-11 12:55:41  [Portal_Test.MainTests] (main:) ----------- 		Adding new Employee
2019-09-11 12:55:53  [Portal_Test.MainTests] (main:) ----------- 	 Check Search an employee
2019-09-11 12:56:07  [Portal_Test.MainTests] (main:) ----------- 	 Check Login Using Email
2019-09-11 12:56:10  [Portal_Test.MainTests] (main:) Login fail using Email
2019-09-11 12:56:10  [Portal_Test.MainTests] (main:) ----------- 	 Check Login Using UserName
2019-09-11 12:56:17  [Portal_Test.MainTests] (main:) TEST PASSED
2019-09-11 12:56:18  [Portal_Test.MainTests] (main:) # # # # # # # # # # # # # # # # # # # # # # # # # # # 

2019-09-11 14:51:36  [Portal_Test.MainTests] (main:) # # # # # # # # # # # # # # # # # # # # # # # # # # # 
2019-09-11 14:51:36  [Portal_Test.MainTests] (main:) TEST Has Started
2019-09-11 14:51:36  [Portal_Test.MainTests] (main:) Open Web Application
2019-09-11 14:51:48  [Portal_Test.MainTests] (main:) ----------- 		Add New Group
2019-09-11 14:51:52  [Portal_Test.MainTests] (main:) ----------- 		Adding New Group
2019-09-11 14:51:56  [Portal_Test.MainTests] (main:) ----------- 		Add Empty Group
2019-09-11 14:52:03  [Portal_Test.MainTests] (main:) ----------- 		Add New Asset Type
2019-09-11 14:52:07  [Portal_Test.MainTests] (main:) 	Adding new Asset Type
2019-09-11 14:52:17  [Portal_Test.MainTests] (main:) ----------- 		Add New PDF
2019-09-11 14:52:21  [Portal_Test.MainTests] (main:) 	Adding new PDF Laptop
2019-09-11 14:52:35  [Portal_Test.MainTests] (main:) --	 Skipping Add new PDF error in server
2019-09-11 14:52:35  [Portal_Test.MainTests] (main:) ----------- 		Add New Asset
2019-09-11 14:52:39  [Portal_Test.MainTests] (main:) 	Asset Filtering
2019-09-11 14:52:43  [Portal_Test.MainTests] (main:) 	Adding Asset.....
2019-09-11 14:52:54  [Portal_Test.MainTests] (main:) ----------- 		Update User Permissions
2019-09-11 14:53:01  [Portal_Test.MainTests] (main:) -- Inside User Permission
2019-09-11 14:53:31  [Portal_Test.MainTests] (main:) ----------- 		Checklist
2019-09-11 14:53:32  [Portal_Test.MainTests] (main:) ----------- 		Inventory Comparison
2019-09-11 14:53:32  [Portal_Test.MainTests] (main:) ----------- 		Inside Inventory & Stocking
2019-09-11 14:53:33  [Portal_Test.MainTests] (main:) ----------- 		Test Email
2019-09-11 14:53:33  [Portal_Test.MainTests] (main:) ----------- 		Deactivate an Employee
2019-09-11 14:53:34  [Portal_Test.MainTests] (main:) ----------- 		Employee Assets
2019-09-11 14:53:34  [Portal_Test.MainTests] (main:) ----------- 		Employee Rest Password
2019-09-11 14:53:34  [Portal_Test.MainTests] (main:) ----------- 		Adding new Employee
2019-09-11 14:53:34  [Portal_Test.MainTests] (main:) ----------- 	 Check Search an employee
2019-09-11 14:53:35  [Portal_Test.MainTests] (main:) ----------- 	 Check Login Using Email
2019-09-11 14:53:35  [Portal_Test.MainTests] (main:) ----------- 	 Check Login Using UserName
2019-09-11 14:53:36  [Portal_Test.MainTests] (main:) TEST PASSED
2019-09-11 14:54:07  [Portal_Test.MainTests] (main:) # # # # # # # # # # # # # # # # # # # # # # # # # # # 
2019-09-11 14:54:07  [Portal_Test.MainTests] (main:) TEST Has Started
2019-09-11 14:54:07  [Portal_Test.MainTests] (main:) Open Web Application
2019-09-11 14:54:20  [Portal_Test.MainTests] (main:) ----------- 		Add New Group
2019-09-11 14:54:24  [Portal_Test.MainTests] (main:) ----------- 		Adding New Group
2019-09-11 14:54:28  [Portal_Test.MainTests] (main:) ----------- 		Add Empty Group
2019-09-11 14:54:34  [Portal_Test.MainTests] (main:) ----------- 		Add New Asset Type
2019-09-11 14:54:38  [Portal_Test.MainTests] (main:) 	Adding new Asset Type
2019-09-11 14:54:49  [Portal_Test.MainTests] (main:) ----------- 		Add New PDF
2019-09-11 14:54:53  [Portal_Test.MainTests] (main:) 	Adding new PDF Laptop
2019-09-11 14:55:07  [Portal_Test.MainTests] (main:) --	 Skipping Add new PDF error in server
2019-09-11 14:55:07  [Portal_Test.MainTests] (main:) ----------- 		Add New Asset
2019-09-11 14:55:13  [Portal_Test.MainTests] (main:) 	Asset Filtering
2019-09-11 14:55:17  [Portal_Test.MainTests] (main:) 	Adding Asset.....
2019-09-11 14:55:38  [Portal_Test.MainTests] (main:) ----------- 		Update User Permissions
2019-09-11 14:55:45  [Portal_Test.MainTests] (main:) -- Inside User Permission
2019-09-11 14:57:48  [Portal_Test.MainTests] (main:) -- User Permission Updated...
2019-09-11 14:57:50  [Portal_Test.MainTests] (main:) -- Deleting User...
2019-09-11 14:57:52  [Portal_Test.MainTests] (main:) -- User is deleted
2019-09-11 14:57:54  [Portal_Test.MainTests] (main:) --------	 Adding New User
2019-09-11 14:57:59  [Portal_Test.MainTests] (main:) ???
2019-09-11 14:57:59  [Portal_Test.MainTests] (main:) -- User already exist!!!
2019-09-11 14:58:05  [Portal_Test.MainTests] (main:) ----------- 		Checklist
2019-09-11 14:58:07  [Portal_Test.MainTests] (main:) --	 Inside Checklist
2019-09-11 14:58:09  [Portal_Test.MainTests] (main:) --	 adding group to checklist
2019-09-11 14:58:13  [Portal_Test.MainTests] (main:) Group is: Already Exists!
2019-09-11 14:58:15  [Portal_Test.MainTests] (main:) --	 Removing a group
2019-09-11 14:58:20  [Portal_Test.MainTests] (main:) --	 Removing a checklist
2019-09-11 14:58:23  [Portal_Test.MainTests] (main:) ----------- 		Inventory Comparison
2019-09-11 14:58:27  [Portal_Test.MainTests] (main:) Search for inventory
2019-09-11 14:58:30  [Portal_Test.MainTests] (main:) Printing report
2019-09-11 14:58:33  [Portal_Test.MainTests] (main:) ----------- 		Inside Inventory & Stocking
2019-09-11 14:58:40  [Portal_Test.MainTests] (main:) ----------- 		Test Email
2019-09-11 14:58:50  [Portal_Test.MainTests] (main:) ----------- 		Deactivate an Employee
2019-09-11 14:59:09  [Portal_Test.MainTests] (main:) ----------- 		Employee Assets
2019-09-11 14:59:19  [Portal_Test.MainTests] (main:) ----------- 		Employee Rest Password
2019-09-11 14:59:29  [Portal_Test.MainTests] (main:) Are you sure you want to reset esmael 's password ?
2019-09-11 14:59:32  [Portal_Test.MainTests] (main:) Password reset
2019-09-11 14:59:36  [Portal_Test.MainTests] (main:) ----------- 		Adding new Employee
2019-09-11 14:59:44  [Portal_Test.MainTests] (main:) ----------- 	 Check Search an employee
2019-09-11 14:59:59  [Portal_Test.MainTests] (main:) ----------- 	 Check Login Using Email
2019-09-11 15:00:03  [Portal_Test.MainTests] (main:) Login fail using Email
2019-09-11 15:00:03  [Portal_Test.MainTests] (main:) ----------- 	 Check Login Using UserName
2019-09-11 15:00:10  [Portal_Test.MainTests] (main:) TEST PASSED
2019-09-11 15:00:10  [Portal_Test.MainTests] (main:) # # # # # # # # # # # # # # # # # # # # # # # # # # # 

2019-09-15 16:32:27  [Portal_Test.MainTests] (main:) # # # # # # # # # # # # # # # # # # # # # # # # # # # 
2019-09-15 16:32:27  [Portal_Test.MainTests] (main:) TEST Has Started
2019-09-15 16:32:27  [Portal_Test.MainTests] (main:) Open Web Application
2019-09-15 16:32:40  [Portal_Test.MainTests] (main:) ----------- 		Employee Assets
2019-09-15 16:32:54  [Portal_Test.MainTests] (main:) ----------- 		Add New Asset
2019-09-15 16:33:10  [Portal_Test.MainTests] (main:) ----------- 		Add New Asset Type
2019-09-15 16:33:20  [Portal_Test.MainTests] (main:) # # # # # # # # # # # # # # # # # # # # # # # # # # # 
2019-09-15 16:33:20  [Portal_Test.MainTests] (main:) TEST Has Started
2019-09-15 16:33:20  [Portal_Test.MainTests] (main:) Open Web Application
2019-09-15 16:33:31  [Portal_Test.MainTests] (main:) ----------- 		Employee Assets
2019-09-15 16:33:48  [Portal_Test.MainTests] (main:) ----------- 		Add New Asset
2019-09-15 16:33:52  [Portal_Test.MainTests] (main:) 	Asset Filtering
2019-09-15 16:33:55  [Portal_Test.MainTests] (main:) 	Adding Asset.....
2019-09-15 16:34:07  [Portal_Test.MainTests] (main:) ----------- 		Add New Asset Type
2019-09-15 16:34:11  [Portal_Test.MainTests] (main:) 	Adding new Asset Type
2019-09-15 16:34:21  [Portal_Test.MainTests] (main:) ----------- 		Add New Group
2019-09-15 16:34:25  [Portal_Test.MainTests] (main:) ----------- 		Adding New Group
2019-09-15 16:34:29  [Portal_Test.MainTests] (main:) ----------- 		Add Empty Group
2019-09-15 16:34:35  [Portal_Test.MainTests] (main:) ----------- 		Add New PDF
2019-09-15 16:34:39  [Portal_Test.MainTests] (main:) 	Adding new PDF Laptop
2019-09-15 16:34:54  [Portal_Test.MainTests] (main:) --	 Skipping Add new PDF error in server
2019-09-15 16:34:54  [Portal_Test.MainTests] (main:) ----------- 		Update User Permissions
2019-09-15 16:35:00  [Portal_Test.MainTests] (main:) -- Inside User Permission
2019-09-15 16:37:02  [Portal_Test.MainTests] (main:) -- User Permission Updated...
2019-09-15 16:37:05  [Portal_Test.MainTests] (main:) -- Deleting User...
2019-09-15 16:37:08  [Portal_Test.MainTests] (main:) -- User is deleted
2019-09-15 16:37:11  [Portal_Test.MainTests] (main:) --------	 Adding New User
2019-09-15 16:37:14  [Portal_Test.MainTests] (main:) ???
2019-09-15 16:37:14  [Portal_Test.MainTests] (main:) -- User already exist!!!
2019-09-15 16:37:18  [Portal_Test.MainTests] (main:) ----------- 		Checklist
2019-09-15 16:37:21  [Portal_Test.MainTests] (main:) --	 Inside Checklist
2019-09-15 16:37:24  [Portal_Test.MainTests] (main:) --	 adding group to checklist
2019-09-15 16:37:31  [Portal_Test.MainTests] (main:) Group is: Already Exists!
2019-09-15 16:37:34  [Portal_Test.MainTests] (main:) --	 Removing a group
2019-09-15 16:37:37  [Portal_Test.MainTests] (main:) --	 Removing a checklist
2019-09-15 16:37:40  [Portal_Test.MainTests] (main:) ----------- 		Deactivate an Employee
2019-09-15 16:37:41  [Portal_Test.MainTests] (main:) ----------- 		Inventory Comparison
2019-09-15 16:37:48  [Portal_Test.MainTests] (main:) Search for inventory
2019-09-15 16:37:51  [Portal_Test.MainTests] (main:) Printing report
2019-09-15 16:37:54  [Portal_Test.MainTests] (main:) ----------- 		Inside Inventory & Stocking
2019-09-15 16:38:11  [Portal_Test.MainTests] (main:) --  Checked who is active
2019-09-15 16:38:11  [Portal_Test.MainTests] (main:) ----------- 		Employee Rest Password
2019-09-15 16:38:18  [Portal_Test.MainTests] (main:) Are you sure you want to reset esmael 's password ?
2019-09-15 16:38:21  [Portal_Test.MainTests] (main:) Password reset
2019-09-15 16:38:24  [Portal_Test.MainTests] (main:) ----------- 		Test Email
2019-09-15 16:38:33  [Portal_Test.MainTests] (main:) ----------- 		Sending Email...
2019-09-15 16:38:34  [Portal_Test.MainTests] (main:) -- Invalid address !!!
2019-09-15 16:38:44  [Portal_Test.MainTests] (main:) Email test passed
2019-09-15 16:38:47  [Portal_Test.MainTests] (main:) ----------- 		Adding new Employee
2019-09-15 16:38:55  [Portal_Test.MainTests] (main:) ----------- 	 Check Search an employee
2019-09-15 16:39:05  [Portal_Test.MainTests] (main:) ----------- 	 Check Login Using Email
2019-09-15 16:39:09  [Portal_Test.MainTests] (main:) Login fail using Email
2019-09-15 16:39:09  [Portal_Test.MainTests] (main:) ----------- 	 Check Login Using UserName
2019-09-15 16:39:16  [Portal_Test.MainTests] (main:) TEST PASSED
2019-09-15 16:39:16  [Portal_Test.MainTests] (main:) # # # # # # # # # # # # # # # # # # # # # # # # # # # 

